#
# A fatal error has been detected by the Java Runtime Environment:
#
#  SIGSEGV (0xb) at pc=0x000000010f862c5d, pid=16869, tid=18691
#
# JRE version: OpenJDK Runtime Environment (12.0+33) (build 12+33)
# Java VM: OpenJDK 64-Bit Server VM (12+33, mixed mode, sharing, tiered, compressed oops, g1 gc, bsd-amd64)
# Problematic frame:
# V  [libjvm.dylib+0x662c5d]  _ZN17SignatureIterator6expectEc+0x11
#
# No core dump will be written. Core dumps have been disabled. To enable core dumping, try "ulimit -c unlimited" before starting Java again
#
# If you would like to submit a bug report, please visit:
#   http://bugreport.java.com/bugreport/crash.jsp
#

---------------  S U M M A R Y ------------

Command Line: -agentlib:jdwp=transport=dt_socket,suspend=y,address=localhost:53931 -javaagent:/Users/ahamedabdulrahman/eclipse/jee-2018-12/Eclipse.app/Contents/Eclipse/configuration/org.eclipse.osgi/398/0/.cp/lib/javaagent-shaded.jar -Dfile.encoding=UTF-8 com.selenium4.DevToolsSample

Host: MacBookPro15,1 x86_64 2200 MHz, 12 cores, 16G, Darwin 18.7.0
Time: Sat Dec 14 09:31:03 2019 IST elapsed time: 1068 seconds (0d 0h 17m 48s)

---------------  T H R E A D  ---------------

Current thread (0x00007fa2c5011800):  VMThread "VM Thread" [stack: 0x000070000e817000,0x000070000e917000] [id=18691]

Stack: [0x000070000e817000,0x000070000e917000],  sp=0x000070000e9161d0,  free space=1020k
Native frames: (J=compiled Java code, A=aot compiled Java code, j=interpreted, Vv=VM code, C=native code)
V  [libjvm.dylib+0x662c5d]  _ZN17SignatureIterator6expectEc+0x11
V  [libjvm.dylib+0x663157]  _ZN17SignatureIterator18iterate_returntypeEv+0x23
V  [libjvm.dylib+0x3454e7]  _ZN14GenerateOopMap9do_methodEiiii+0x77
V  [libjvm.dylib+0x343bb4]  _ZN14GenerateOopMap9interp_bbEP10BasicBlock+0xe4
V  [libjvm.dylib+0x3438cc]  _ZN14GenerateOopMap10interp_allEv+0x3c
V  [libjvm.dylib+0x34357d]  _ZN14GenerateOopMap17do_interpretationEv+0x4b
V  [libjvm.dylib+0x345d37]  _ZN14GenerateOopMap11compute_mapEP6Thread+0x165
V  [libjvm.dylib+0x5d2840]  _ZN19OopMapForCacheEntry11compute_mapEP6Thread+0x54
V  [libjvm.dylib+0x5d3016]  _ZN16OopMapCacheEntry4fillERK12methodHandlei+0xac
V  [libjvm.dylib+0x5d393f]  _ZN11OopMapCache19compute_one_oop_mapERK12methodHandleiP17InterpreterOopMap+0x5d
V  [libjvm.dylib+0x59b08a]  _ZN6Method8mask_forEiP17InterpreterOopMap+0x7e
V  [libjvm.dylib+0x4b471e]  _ZN16VM_GetOrSetLocal4doitEv+0x48
V  [libjvm.dylib+0x73577b]  _ZN12VM_Operation8evaluateEv+0xd5
V  [libjvm.dylib+0x73d09e]  _ZN8VMThread18evaluate_operationEP12VM_Operation+0x138
V  [libjvm.dylib+0x73cac5]  _ZN8VMThread4loopEv+0xf5
V  [libjvm.dylib+0x73c8e2]  _ZN8VMThread3runEv+0x6e
V  [libjvm.dylib+0x6e0dfe]  _ZN6Thread8call_runEv+0x68
V  [libjvm.dylib+0x5db237]  _ZL19thread_native_entryP6Thread+0x139
C  [libsystem_pthread.dylib+0x32eb]  _pthread_body+0x7e
C  [libsystem_pthread.dylib+0x6249]  _pthread_start+0x42
C  [libsystem_pthread.dylib+0x240d]  thread_start+0xd


siginfo: si_signo: 11 (SIGSEGV), si_code: 1 (SEGV_MAPERR), si_addr: 0x0000000000000006

Register to memory mapping:

RAX=0x0 is NULL
RBX=0x000070000e916230 points into unknown readable memory: 38 50 af 0f 01 00 00 00
RCX=0x0 is NULL
RDX=0x0 is NULL
RSP=0x000070000e9161d0 points into unknown readable memory: 38 50 af 0f 01 00 00 00
RBP=0x000070000e9161e0 points into unknown readable memory: 20 62 91 0e 00 70 00 00
RSI=0x0000000000000028 is an unknown value
RDI=0x000070000e916230 points into unknown readable memory: 38 50 af 0f 01 00 00 00
R8 =0x00000000000000d7 is an unknown value
R9 =0x00007fa2c3906e90 points into unknown readable memory: 90 4f 2d 13 01 00 00 00
R10=0x0000000042000000 is an unknown value
R11=0xffffffffffffff38 is an unknown value
R12=0x000070000e916230 points into unknown readable memory: 38 50 af 0f 01 00 00 00
R13=0x000070000e916870 points into unknown readable memory: a8 7d ad 0f 01 00 00 00
R14=0x0 is NULL
R15=0x000070000e916230 points into unknown readable memory: 38 50 af 0f 01 00 00 00


Registers:
RAX=0x0000000000000000, RBX=0x000070000e916230, RCX=0x0000000000000000, RDX=0x0000000000000000
RSP=0x000070000e9161d0, RBP=0x000070000e9161e0, RSI=0x0000000000000028, RDI=0x000070000e916230
R8 =0x00000000000000d7, R9 =0x00007fa2c3906e90, R10=0x0000000042000000, R11=0xffffffffffffff38
R12=0x000070000e916230, R13=0x000070000e916870, R14=0x0000000000000000, R15=0x000070000e916230
RIP=0x000000010f862c5d, EFLAGS=0x0000000000010206, ERR=0x0000000000000004
  TRAPNO=0x000000000000000e

Top of Stack: (sp=0x000070000e9161d0)
0x000070000e9161d0:   000000010faf5038 000070000e916670
0x000070000e9161e0:   000070000e916220 000000010f863157
0x000070000e9161f0:   000000010faf5038 000070000e916670
0x000070000e916200:   000070000e916230 000070000e916870
0x000070000e916210:   0000000000000000 00000000000000d7
0x000070000e916220:   000070000e9166b0 000000010f5454e7
0x000070000e916230:   000000010faf5038 0000000000000000
0x000070000e916240:   0000000000000000 0000000100000004
0x000070000e916250:   000070000e916670 0000000000000000
0x000070000e916260:   4fffffff4fffffff 000000014fffffff
0x000070000e916270:   000000010faf5038 00000008003d1598
0x000070000e916280:   0000000000000002 00007fff00000004
0x000070000e916290:   000070000e9162a0 0000700000000001
0x000070000e9162a0:   000000004fffffff 0000000000000000
0x000070000e9162b0:   000070000e9162d0 000000010f862e28
0x000070000e9162c0:   000070000e916760 0000000000000000
0x000070000e9162d0:   000070000e916310 000000010f863240
0x000070000e9162e0:   00000008003d1598 000070000e916320
0x000070000e9162f0:   000070000e916310 000000010f862fc6
0x000070000e916300:   0000000000000001 000000004fffffff
0x000070000e916310:   000070000e9167a0 000000010f5455d7
0x000070000e916320:   000000010faf5038 00000008003d1598
0x000070000e916330:   0000000000000002 0000000000000004
0x000070000e916340:   000070000e916350 0000000000000001
0x000070000e916350:   4fffffff4fffffff ccc9eca62fffffff
0x000070000e916360:   000070000e916558 000000010fad3c08
0x000070000e916370:   0000700000000000 000000010f7e3ba5
0x000070000e916380:   0000000000000000 000070000e916950
0x000070000e916390:   000070000e916958 000000000000003a
0x000070000e9163a0:   ffffffffffffffff 000000030e9155c0
0x000070000e9163b0:   000070000e916400 00007fff5c3b712e
0x000070000e9163c0:   000070000e916510 0000000000580000 

Instructions: (pc=0x000000010f862c5d)
0x000000010f862c3d:   07 48 89 77 08 c7 47 14 00 00 00 00 5d c3 90 55
0x000000010f862c4d:   48 89 e5 53 50 48 89 fb 48 8b 4b 08 48 63 43 10
0x000000010f862c5d:   40 38 74 01 06 74 26 40 0f be ce 48 8d 3d 3b 36
0x000000010f862c6d:   17 00 48 8d 15 3b 37 17 00 be 35 00 00 00 31 c0 

Stack slot to memory mapping:
stack at sp + 0 slots: 0x000000010faf5038: _ZTV16ComputeCallStack+0x10 in /Library/Java/JavaVirtualMachines/openjdk-12.jdk/Contents/Home/lib/server/libjvm.dylib at 0x000000010f200000
stack at sp + 1 slots: 0x000070000e916670 points into unknown readable memory: ff ff ff 8f 00 70 00 00
stack at sp + 2 slots: 0x000070000e916220 points into unknown readable memory: b0 66 91 0e 00 70 00 00
stack at sp + 3 slots: 0x000000010f863157: _ZN17SignatureIterator18iterate_returntypeEv+0x23 in /Library/Java/JavaVirtualMachines/openjdk-12.jdk/Contents/Home/lib/server/libjvm.dylib at 0x000000010f200000
stack at sp + 4 slots: 0x000000010faf5038: _ZTV16ComputeCallStack+0x10 in /Library/Java/JavaVirtualMachines/openjdk-12.jdk/Contents/Home/lib/server/libjvm.dylib at 0x000000010f200000
stack at sp + 5 slots: 0x000070000e916670 points into unknown readable memory: ff ff ff 8f 00 70 00 00
stack at sp + 6 slots: 0x000070000e916230 points into unknown readable memory: 38 50 af 0f 01 00 00 00
stack at sp + 7 slots: 0x000070000e916870 points into unknown readable memory: a8 7d ad 0f 01 00 00 00

VM_Operation (0x000070000f12e990): GetOrSetLocal, mode: safepoint, requested by thread 0x00007fa2c211b000


---------------  P R O C E S S  ---------------

Threads class SMR info:
_java_thread_list=0x00007fa2c8012c20, length=20, elements={
0x00007fa2c4801000, 0x00007fa2c5012800, 0x00007fa2c5015800, 0x00007fa2c3004800,
0x00007fa2c3001000, 0x00007fa2c5018000, 0x00007fa2c20f2800, 0x00007fa2c504c000,
0x00007fa2c211b000, 0x00007fa2c211b800, 0x00007fa2c4020800, 0x00007fa2c2893800,
0x00007fa2c5067000, 0x00007fa2c21ad800, 0x00007fa2c29ea800, 0x00007fa2c30c5000,
0x00007fa2c7002800, 0x00007fa2c4aa2000, 0x00007fa2c2425000, 0x00007fa2c2449800
}

Java Threads: ( => current thread )
  0x00007fa2c4801000 JavaThread "main" [_thread_blocked, id=9475, stack(0x000070000e205000,0x000070000e305000)]
  0x00007fa2c5012800 JavaThread "Reference Handler" daemon [_thread_blocked, id=18179, stack(0x000070000e91a000,0x000070000ea1a000)]
  0x00007fa2c5015800 JavaThread "Finalizer" daemon [_thread_blocked, id=17923, stack(0x000070000ea1d000,0x000070000eb1d000)]
  0x00007fa2c3004800 JavaThread "Signal Dispatcher" daemon [_thread_blocked, id=15619, stack(0x000070000eb20000,0x000070000ec20000)]
  0x00007fa2c3001000 JavaThread "C2 CompilerThread0" daemon [_thread_blocked, id=43267, stack(0x000070000ec23000,0x000070000ed23000)]
  0x00007fa2c5018000 JavaThread "C1 CompilerThread0" daemon [_thread_blocked, id=42755, stack(0x000070000ed26000,0x000070000ee26000)]
  0x00007fa2c20f2800 JavaThread "Sweeper thread" daemon [_thread_blocked, id=42499, stack(0x000070000ee29000,0x000070000ef29000)]
  0x00007fa2c504c000 JavaThread "Common-Cleaner" daemon [_thread_blocked, id=23043, stack(0x000070000ef2c000,0x000070000f02c000)]
  0x00007fa2c211b000 JavaThread "JDWP Transport Listener: dt_socket" daemon [_thread_blocked, id=41987, stack(0x000070000f02f000,0x000070000f12f000)] _threads_hazard_ptr=0x00007fa2c8012c20
  0x00007fa2c211b800 JavaThread "JDWP Event Helper Thread" daemon [_thread_blocked, id=24067, stack(0x000070000f132000,0x000070000f232000)]
  0x00007fa2c4020800 JavaThread "JDWP Command Reader" daemon [_thread_in_native, id=40963, stack(0x000070000f235000,0x000070000f335000)]
  0x00007fa2c2893800 JavaThread "Service Thread" daemon [_thread_blocked, id=24579, stack(0x000070000f338000,0x000070000f438000)]
  0x00007fa2c5067000 JavaThread "Timer-0" daemon [_thread_blocked, id=25347, stack(0x000070000f53e000,0x000070000f63e000)]
  0x00007fa2c21ad800 JavaThread "process reaper" daemon [_thread_in_native, id=26371, stack(0x000070000fb50000,0x000070000fb74000)]
  0x00007fa2c29ea800 JavaThread "Exec Default Executor" daemon [_thread_blocked, id=26883, stack(0x000070000fb77000,0x000070000fc77000)]
  0x00007fa2c30c5000 JavaThread "Exec Stream Pumper" daemon [_thread_in_native, id=37123, stack(0x000070000fd7d000,0x000070000fe7d000)]
  0x00007fa2c7002800 JavaThread "Exec Stream Pumper" daemon [_thread_in_native, id=28675, stack(0x000070000fe80000,0x000070000ff80000)]
  0x00007fa2c4aa2000 JavaThread "ForkJoinPool.commonPool-worker-19" daemon [_thread_blocked, id=29443, stack(0x0000700010086000,0x0000700010186000)]
  0x00007fa2c2425000 JavaThread "OkHttp http://localhost:53961/..." [_thread_in_native, id=34563, stack(0x0000700010492000,0x0000700010592000)]
  0x00007fa2c2449800 JavaThread "OkHttp ConnectionPool" daemon [_thread_blocked, id=30979, stack(0x0000700010595000,0x0000700010695000)]

Other Threads:
=>0x00007fa2c5011800 VMThread "VM Thread" [stack: 0x000070000e817000,0x000070000e917000] [id=18691]
  0x00007fa2c5068800 WatcherThread [stack: 0x000070000f43b000,0x000070000f53b000] [id=25091]
  0x00007fa2c202f800 GCTaskThread "GC Thread#0" [stack: 0x000070000e308000,0x000070000e408000] [id=12035]
  0x00007fa2c30aa800 GCTaskThread "GC Thread#1" [stack: 0x000070000f641000,0x000070000f741000] [id=39691]
  0x00007fa2c300f800 GCTaskThread "GC Thread#2" [stack: 0x000070000f744000,0x000070000f844000] [id=39171]
  0x00007fa2c30a4800 GCTaskThread "GC Thread#3" [stack: 0x000070000f847000,0x000070000f947000] [id=25859]
  0x00007fa2c50e7800 GCTaskThread "GC Thread#4" [stack: 0x000070000f94a000,0x000070000fa4a000] [id=38659]
  0x00007fa2c5069800 GCTaskThread "GC Thread#5" [stack: 0x000070000fa4d000,0x000070000fb4d000] [id=38403]
  0x00007fa2c2048800 ConcurrentGCThread "G1 Main Marker" [stack: 0x000070000e40b000,0x000070000e50b000] [id=12291]
  0x00007fa2c480a000 ConcurrentGCThread "G1 Conc#0" [stack: 0x000070000e50e000,0x000070000e60e000] [id=19971]
  0x00007fa2c20f1000 ConcurrentGCThread "G1 Refine#0" [stack: 0x000070000e611000,0x000070000e711000] [id=13315]
  0x00007fa2c20f2000 ConcurrentGCThread "G1 Young RemSet Sampling" [stack: 0x000070000e714000,0x000070000e814000] [id=19715]

Threads with active compile tasks:

VM state:at safepoint (normal execution)

VM Mutex/Monitor currently owned by a thread:  ([mutex/lock_event])
[0x00007fa2c1d0a9a0] Threads_lock - owner thread: 0x00007fa2c5011800

Heap address: 0x0000000700000000, size: 4096 MB, Compressed Oops mode: Zero based, Oop shift amount: 3
Narrow klass base: 0x0000000800000000, Narrow klass shift: 3
Compressed class space size: 1073741824 Address: 0x00000008010f7000

Heap:
 garbage-first heap   total 264192K, used 112803K [0x0000000700000000, 0x0000000800000000)
  region size 1024K, 104 young (106496K), 7 survivors (7168K)
 Metaspace       used 14473K, capacity 15076K, committed 15232K, reserved 1062912K
  class space    used 1615K, capacity 1828K, committed 1920K, reserved 1048576K
Heap Regions: E=young(eden), S=young(survivor), O=old, HS=humongous(starts), HC=humongous(continues), CS=collection set, F=free, A=archive, TAMS=top-at-mark-start (previous, next)
|   0|0x0000000700000000, 0x0000000700100000, 0x0000000700100000|100%| O|  |TAMS 0x0000000700000000, 0x0000000700000000| Untracked 
|   1|0x0000000700100000, 0x00000007001a9c00, 0x0000000700200000| 66%| O|  |TAMS 0x0000000700100000, 0x0000000700100000| Untracked 
|   2|0x0000000700200000, 0x0000000700200000, 0x0000000700300000|  0%| F|  |TAMS 0x0000000700200000, 0x0000000700200000| Untracked 
|   3|0x0000000700300000, 0x0000000700300000, 0x0000000700400000|  0%| F|  |TAMS 0x0000000700300000, 0x0000000700300000| Untracked 
|   4|0x0000000700400000, 0x0000000700400000, 0x0000000700500000|  0%| F|  |TAMS 0x0000000700400000, 0x0000000700400000| Untracked 
|   5|0x0000000700500000, 0x0000000700600000, 0x0000000700600000|100%|HS|  |TAMS 0x0000000700500000, 0x0000000700500000| Complete 
|   6|0x0000000700600000, 0x0000000700700000, 0x0000000700700000|100%|HC|  |TAMS 0x0000000700600000, 0x0000000700600000| Complete 
|   7|0x0000000700700000, 0x0000000700800000, 0x0000000700800000|100%|HC|  |TAMS 0x0000000700700000, 0x0000000700700000| Complete 
|   8|0x0000000700800000, 0x0000000700800000, 0x0000000700900000|  0%| F|  |TAMS 0x0000000700800000, 0x0000000700800000| Untracked 
|   9|0x0000000700900000, 0x0000000700900000, 0x0000000700a00000|  0%| F|  |TAMS 0x0000000700900000, 0x0000000700900000| Untracked 
|  10|0x0000000700a00000, 0x0000000700a00000, 0x0000000700b00000|  0%| F|  |TAMS 0x0000000700a00000, 0x0000000700a00000| Untracked 
|  11|0x0000000700b00000, 0x0000000700b00000, 0x0000000700c00000|  0%| F|  |TAMS 0x0000000700b00000, 0x0000000700b00000| Untracked 
|  12|0x0000000700c00000, 0x0000000700c00000, 0x0000000700d00000|  0%| F|  |TAMS 0x0000000700c00000, 0x0000000700c00000| Untracked 
|  13|0x0000000700d00000, 0x0000000700d00000, 0x0000000700e00000|  0%| F|  |TAMS 0x0000000700d00000, 0x0000000700d00000| Untracked 
|  14|0x0000000700e00000, 0x0000000700e00000, 0x0000000700f00000|  0%| F|  |TAMS 0x0000000700e00000, 0x0000000700e00000| Untracked 
|  15|0x0000000700f00000, 0x0000000700f00000, 0x0000000701000000|  0%| F|  |TAMS 0x0000000700f00000, 0x0000000700f00000| Untracked 
|  16|0x0000000701000000, 0x0000000701100000, 0x0000000701100000|100%|HS|  |TAMS 0x0000000701000000, 0x0000000701000000| Complete 
|  17|0x0000000701100000, 0x0000000701200000, 0x0000000701200000|100%|HC|  |TAMS 0x0000000701100000, 0x0000000701100000| Complete 
|  18|0x0000000701200000, 0x0000000701200000, 0x0000000701300000|  0%| F|  |TAMS 0x0000000701200000, 0x0000000701200000| Untracked 
|  19|0x0000000701300000, 0x0000000701300000, 0x0000000701400000|  0%| F|  |TAMS 0x0000000701300000, 0x0000000701300000| Untracked 
|  20|0x0000000701400000, 0x0000000701400000, 0x0000000701500000|  0%| F|  |TAMS 0x0000000701400000, 0x0000000701400000| Untracked 
|  21|0x0000000701500000, 0x0000000701500000, 0x0000000701600000|  0%| F|  |TAMS 0x0000000701500000, 0x0000000701500000| Untracked 
|  22|0x0000000701600000, 0x0000000701600000, 0x0000000701700000|  0%| F|  |TAMS 0x0000000701600000, 0x0000000701600000| Untracked 
|  23|0x0000000701700000, 0x0000000701700000, 0x0000000701800000|  0%| F|  |TAMS 0x0000000701700000, 0x0000000701700000| Untracked 
|  24|0x0000000701800000, 0x0000000701800000, 0x0000000701900000|  0%| F|  |TAMS 0x0000000701800000, 0x0000000701800000| Untracked 
|  25|0x0000000701900000, 0x0000000701900000, 0x0000000701a00000|  0%| F|  |TAMS 0x0000000701900000, 0x0000000701900000| Untracked 
|  26|0x0000000701a00000, 0x0000000701a00000, 0x0000000701b00000|  0%| F|  |TAMS 0x0000000701a00000, 0x0000000701a00000| Untracked 
|  27|0x0000000701b00000, 0x0000000701b00000, 0x0000000701c00000|  0%| F|  |TAMS 0x0000000701b00000, 0x0000000701b00000| Untracked 
|  28|0x0000000701c00000, 0x0000000701c00000, 0x0000000701d00000|  0%| F|  |TAMS 0x0000000701c00000, 0x0000000701c00000| Untracked 
|  29|0x0000000701d00000, 0x0000000701d00000, 0x0000000701e00000|  0%| F|  |TAMS 0x0000000701d00000, 0x0000000701d00000| Untracked 
|  30|0x0000000701e00000, 0x0000000701e00000, 0x0000000701f00000|  0%| F|  |TAMS 0x0000000701e00000, 0x0000000701e00000| Untracked 
|  31|0x0000000701f00000, 0x0000000701f00000, 0x0000000702000000|  0%| F|  |TAMS 0x0000000701f00000, 0x0000000701f00000| Untracked 
|  32|0x0000000702000000, 0x0000000702000000, 0x0000000702100000|  0%| F|  |TAMS 0x0000000702000000, 0x0000000702000000| Untracked 
|  33|0x0000000702100000, 0x0000000702100000, 0x0000000702200000|  0%| F|  |TAMS 0x0000000702100000, 0x0000000702100000| Untracked 
|  34|0x0000000702200000, 0x0000000702200000, 0x0000000702300000|  0%| F|  |TAMS 0x0000000702200000, 0x0000000702200000| Untracked 
|  35|0x0000000702300000, 0x0000000702300000, 0x0000000702400000|  0%| F|  |TAMS 0x0000000702300000, 0x0000000702300000| Untracked 
|  36|0x0000000702400000, 0x0000000702400000, 0x0000000702500000|  0%| F|  |TAMS 0x0000000702400000, 0x0000000702400000| Untracked 
|  37|0x0000000702500000, 0x0000000702500000, 0x0000000702600000|  0%| F|  |TAMS 0x0000000702500000, 0x0000000702500000| Untracked 
|  38|0x0000000702600000, 0x0000000702600000, 0x0000000702700000|  0%| F|  |TAMS 0x0000000702600000, 0x0000000702600000| Untracked 
|  39|0x0000000702700000, 0x0000000702700000, 0x0000000702800000|  0%| F|  |TAMS 0x0000000702700000, 0x0000000702700000| Untracked 
|  40|0x0000000702800000, 0x0000000702800000, 0x0000000702900000|  0%| F|  |TAMS 0x0000000702800000, 0x0000000702800000| Untracked 
|  41|0x0000000702900000, 0x0000000702900000, 0x0000000702a00000|  0%| F|  |TAMS 0x0000000702900000, 0x0000000702900000| Untracked 
|  42|0x0000000702a00000, 0x0000000702a00000, 0x0000000702b00000|  0%| F|  |TAMS 0x0000000702a00000, 0x0000000702a00000| Untracked 
|  43|0x0000000702b00000, 0x0000000702b00000, 0x0000000702c00000|  0%| F|  |TAMS 0x0000000702b00000, 0x0000000702b00000| Untracked 
|  44|0x0000000702c00000, 0x0000000702c00000, 0x0000000702d00000|  0%| F|  |TAMS 0x0000000702c00000, 0x0000000702c00000| Untracked 
|  45|0x0000000702d00000, 0x0000000702d00000, 0x0000000702e00000|  0%| F|  |TAMS 0x0000000702d00000, 0x0000000702d00000| Untracked 
|  46|0x0000000702e00000, 0x0000000702e00000, 0x0000000702f00000|  0%| F|  |TAMS 0x0000000702e00000, 0x0000000702e00000| Untracked 
|  47|0x0000000702f00000, 0x0000000702f00000, 0x0000000703000000|  0%| F|  |TAMS 0x0000000702f00000, 0x0000000702f00000| Untracked 
|  48|0x0000000703000000, 0x0000000703000000, 0x0000000703100000|  0%| F|  |TAMS 0x0000000703000000, 0x0000000703000000| Untracked 
|  49|0x0000000703100000, 0x0000000703100000, 0x0000000703200000|  0%| F|  |TAMS 0x0000000703100000, 0x0000000703100000| Untracked 
|  50|0x0000000703200000, 0x0000000703200000, 0x0000000703300000|  0%| F|  |TAMS 0x0000000703200000, 0x0000000703200000| Untracked 
|  51|0x0000000703300000, 0x0000000703300000, 0x0000000703400000|  0%| F|  |TAMS 0x0000000703300000, 0x0000000703300000| Untracked 
|  52|0x0000000703400000, 0x0000000703400000, 0x0000000703500000|  0%| F|  |TAMS 0x0000000703400000, 0x0000000703400000| Untracked 
|  53|0x0000000703500000, 0x0000000703500000, 0x0000000703600000|  0%| F|  |TAMS 0x0000000703500000, 0x0000000703500000| Untracked 
|  54|0x0000000703600000, 0x0000000703600000, 0x0000000703700000|  0%| F|  |TAMS 0x0000000703600000, 0x0000000703600000| Untracked 
|  55|0x0000000703700000, 0x0000000703700000, 0x0000000703800000|  0%| F|  |TAMS 0x0000000703700000, 0x0000000703700000| Untracked 
|  56|0x0000000703800000, 0x0000000703800000, 0x0000000703900000|  0%| F|  |TAMS 0x0000000703800000, 0x0000000703800000| Untracked 
|  57|0x0000000703900000, 0x0000000703900000, 0x0000000703a00000|  0%| F|  |TAMS 0x0000000703900000, 0x0000000703900000| Untracked 
|  58|0x0000000703a00000, 0x0000000703a00000, 0x0000000703b00000|  0%| F|  |TAMS 0x0000000703a00000, 0x0000000703a00000| Untracked 
|  59|0x0000000703b00000, 0x0000000703b00000, 0x0000000703c00000|  0%| F|  |TAMS 0x0000000703b00000, 0x0000000703b00000| Untracked 
|  60|0x0000000703c00000, 0x0000000703c00000, 0x0000000703d00000|  0%| F|  |TAMS 0x0000000703c00000, 0x0000000703c00000| Untracked 
|  61|0x0000000703d00000, 0x0000000703d00000, 0x0000000703e00000|  0%| F|  |TAMS 0x0000000703d00000, 0x0000000703d00000| Untracked 
|  62|0x0000000703e00000, 0x0000000703e00000, 0x0000000703f00000|  0%| F|  |TAMS 0x0000000703e00000, 0x0000000703e00000| Untracked 
|  63|0x0000000703f00000, 0x0000000703f00000, 0x0000000704000000|  0%| F|  |TAMS 0x0000000703f00000, 0x0000000703f00000| Untracked 
|  64|0x0000000704000000, 0x0000000704000000, 0x0000000704100000|  0%| F|  |TAMS 0x0000000704000000, 0x0000000704000000| Untracked 
|  65|0x0000000704100000, 0x0000000704100000, 0x0000000704200000|  0%| F|  |TAMS 0x0000000704100000, 0x0000000704100000| Untracked 
|  66|0x0000000704200000, 0x0000000704200000, 0x0000000704300000|  0%| F|  |TAMS 0x0000000704200000, 0x0000000704200000| Untracked 
|  67|0x0000000704300000, 0x0000000704300000, 0x0000000704400000|  0%| F|  |TAMS 0x0000000704300000, 0x0000000704300000| Untracked 
|  68|0x0000000704400000, 0x0000000704400000, 0x0000000704500000|  0%| F|  |TAMS 0x0000000704400000, 0x0000000704400000| Untracked 
|  69|0x0000000704500000, 0x0000000704500000, 0x0000000704600000|  0%| F|  |TAMS 0x0000000704500000, 0x0000000704500000| Untracked 
|  70|0x0000000704600000, 0x0000000704600000, 0x0000000704700000|  0%| F|  |TAMS 0x0000000704600000, 0x0000000704600000| Untracked 
|  71|0x0000000704700000, 0x0000000704700000, 0x0000000704800000|  0%| F|  |TAMS 0x0000000704700000, 0x0000000704700000| Untracked 
|  72|0x0000000704800000, 0x0000000704800000, 0x0000000704900000|  0%| F|  |TAMS 0x0000000704800000, 0x0000000704800000| Untracked 
|  73|0x0000000704900000, 0x0000000704900000, 0x0000000704a00000|  0%| F|  |TAMS 0x0000000704900000, 0x0000000704900000| Untracked 
|  74|0x0000000704a00000, 0x0000000704a00000, 0x0000000704b00000|  0%| F|  |TAMS 0x0000000704a00000, 0x0000000704a00000| Untracked 
|  75|0x0000000704b00000, 0x0000000704b00000, 0x0000000704c00000|  0%| F|  |TAMS 0x0000000704b00000, 0x0000000704b00000| Untracked 
|  76|0x0000000704c00000, 0x0000000704c00000, 0x0000000704d00000|  0%| F|  |TAMS 0x0000000704c00000, 0x0000000704c00000| Untracked 
|  77|0x0000000704d00000, 0x0000000704d00000, 0x0000000704e00000|  0%| F|  |TAMS 0x0000000704d00000, 0x0000000704d00000| Untracked 
|  78|0x0000000704e00000, 0x0000000704e00000, 0x0000000704f00000|  0%| F|  |TAMS 0x0000000704e00000, 0x0000000704e00000| Untracked 
|  79|0x0000000704f00000, 0x0000000704f00000, 0x0000000705000000|  0%| F|  |TAMS 0x0000000704f00000, 0x0000000704f00000| Untracked 
|  80|0x0000000705000000, 0x0000000705000000, 0x0000000705100000|  0%| F|  |TAMS 0x0000000705000000, 0x0000000705000000| Untracked 
|  81|0x0000000705100000, 0x0000000705100000, 0x0000000705200000|  0%| F|  |TAMS 0x0000000705100000, 0x0000000705100000| Untracked 
|  82|0x0000000705200000, 0x0000000705200000, 0x0000000705300000|  0%| F|  |TAMS 0x0000000705200000, 0x0000000705200000| Untracked 
|  83|0x0000000705300000, 0x0000000705300000, 0x0000000705400000|  0%| F|  |TAMS 0x0000000705300000, 0x0000000705300000| Untracked 
|  84|0x0000000705400000, 0x0000000705400000, 0x0000000705500000|  0%| F|  |TAMS 0x0000000705400000, 0x0000000705400000| Untracked 
|  85|0x0000000705500000, 0x0000000705500000, 0x0000000705600000|  0%| F|  |TAMS 0x0000000705500000, 0x0000000705500000| Untracked 
|  86|0x0000000705600000, 0x0000000705600000, 0x0000000705700000|  0%| F|  |TAMS 0x0000000705600000, 0x0000000705600000| Untracked 
|  87|0x0000000705700000, 0x0000000705700000, 0x0000000705800000|  0%| F|  |TAMS 0x0000000705700000, 0x0000000705700000| Untracked 
|  88|0x0000000705800000, 0x0000000705800000, 0x0000000705900000|  0%| F|  |TAMS 0x0000000705800000, 0x0000000705800000| Untracked 
|  89|0x0000000705900000, 0x0000000705900000, 0x0000000705a00000|  0%| F|  |TAMS 0x0000000705900000, 0x0000000705900000| Untracked 
|  90|0x0000000705a00000, 0x0000000705a00000, 0x0000000705b00000|  0%| F|  |TAMS 0x0000000705a00000, 0x0000000705a00000| Untracked 
|  91|0x0000000705b00000, 0x0000000705b00000, 0x0000000705c00000|  0%| F|  |TAMS 0x0000000705b00000, 0x0000000705b00000| Untracked 
|  92|0x0000000705c00000, 0x0000000705c00000, 0x0000000705d00000|  0%| F|  |TAMS 0x0000000705c00000, 0x0000000705c00000| Untracked 
|  93|0x0000000705d00000, 0x0000000705d00000, 0x0000000705e00000|  0%| F|  |TAMS 0x0000000705d00000, 0x0000000705d00000| Untracked 
|  94|0x0000000705e00000, 0x0000000705e00000, 0x0000000705f00000|  0%| F|  |TAMS 0x0000000705e00000, 0x0000000705e00000| Untracked 
|  95|0x0000000705f00000, 0x0000000705f00000, 0x0000000706000000|  0%| F|  |TAMS 0x0000000705f00000, 0x0000000705f00000| Untracked 
|  96|0x0000000706000000, 0x00000007060ca138, 0x0000000706100000| 78%| S|CS|TAMS 0x0000000706000000, 0x0000000706000000| Complete 
|  97|0x0000000706100000, 0x0000000706200000, 0x0000000706200000|100%| S|CS|TAMS 0x0000000706100000, 0x0000000706100000| Complete 
|  98|0x0000000706200000, 0x0000000706300000, 0x0000000706300000|100%| S|CS|TAMS 0x0000000706200000, 0x0000000706200000| Complete 
|  99|0x0000000706300000, 0x0000000706400000, 0x0000000706400000|100%| S|CS|TAMS 0x0000000706300000, 0x0000000706300000| Complete 
| 100|0x0000000706400000, 0x0000000706500000, 0x0000000706500000|100%| S|CS|TAMS 0x0000000706400000, 0x0000000706400000| Complete 
| 101|0x0000000706500000, 0x0000000706600000, 0x0000000706600000|100%| S|CS|TAMS 0x0000000706500000, 0x0000000706500000| Complete 
| 102|0x0000000706600000, 0x0000000706700000, 0x0000000706700000|100%| S|CS|TAMS 0x0000000706600000, 0x0000000706600000| Complete 
| 103|0x0000000706700000, 0x0000000706700000, 0x0000000706800000|  0%| F|  |TAMS 0x0000000706700000, 0x0000000706700000| Untracked 
| 104|0x0000000706800000, 0x0000000706800000, 0x0000000706900000|  0%| F|  |TAMS 0x0000000706800000, 0x0000000706800000| Untracked 
| 105|0x0000000706900000, 0x0000000706900000, 0x0000000706a00000|  0%| F|  |TAMS 0x0000000706900000, 0x0000000706900000| Untracked 
| 106|0x0000000706a00000, 0x0000000706a00000, 0x0000000706b00000|  0%| F|  |TAMS 0x0000000706a00000, 0x0000000706a00000| Untracked 
| 107|0x0000000706b00000, 0x0000000706b00000, 0x0000000706c00000|  0%| F|  |TAMS 0x0000000706b00000, 0x0000000706b00000| Untracked 
| 108|0x0000000706c00000, 0x0000000706c00000, 0x0000000706d00000|  0%| F|  |TAMS 0x0000000706c00000, 0x0000000706c00000| Untracked 
| 109|0x0000000706d00000, 0x0000000706d00000, 0x0000000706e00000|  0%| F|  |TAMS 0x0000000706d00000, 0x0000000706d00000| Untracked 
| 110|0x0000000706e00000, 0x0000000706e00000, 0x0000000706f00000|  0%| F|  |TAMS 0x0000000706e00000, 0x0000000706e00000| Untracked 
| 111|0x0000000706f00000, 0x0000000706f00000, 0x0000000707000000|  0%| F|  |TAMS 0x0000000706f00000, 0x0000000706f00000| Untracked 
| 112|0x0000000707000000, 0x0000000707000000, 0x0000000707100000|  0%| F|  |TAMS 0x0000000707000000, 0x0000000707000000| Untracked 
| 113|0x0000000707100000, 0x0000000707100000, 0x0000000707200000|  0%| F|  |TAMS 0x0000000707100000, 0x0000000707100000| Untracked 
| 114|0x0000000707200000, 0x0000000707200000, 0x0000000707300000|  0%| F|  |TAMS 0x0000000707200000, 0x0000000707200000| Untracked 
| 115|0x0000000707300000, 0x0000000707300000, 0x0000000707400000|  0%| F|  |TAMS 0x0000000707300000, 0x0000000707300000| Untracked 
| 116|0x0000000707400000, 0x0000000707400000, 0x0000000707500000|  0%| F|  |TAMS 0x0000000707400000, 0x0000000707400000| Untracked 
| 117|0x0000000707500000, 0x0000000707500000, 0x0000000707600000|  0%| F|  |TAMS 0x0000000707500000, 0x0000000707500000| Untracked 
| 118|0x0000000707600000, 0x0000000707600000, 0x0000000707700000|  0%| F|  |TAMS 0x0000000707600000, 0x0000000707600000| Untracked 
| 119|0x0000000707700000, 0x0000000707700000, 0x0000000707800000|  0%| F|  |TAMS 0x0000000707700000, 0x0000000707700000| Untracked 
| 120|0x0000000707800000, 0x0000000707800000, 0x0000000707900000|  0%| F|  |TAMS 0x0000000707800000, 0x0000000707800000| Untracked 
| 121|0x0000000707900000, 0x0000000707900000, 0x0000000707a00000|  0%| F|  |TAMS 0x0000000707900000, 0x0000000707900000| Untracked 
| 122|0x0000000707a00000, 0x0000000707a00000, 0x0000000707b00000|  0%| F|  |TAMS 0x0000000707a00000, 0x0000000707a00000| Untracked 
| 123|0x0000000707b00000, 0x0000000707b00000, 0x0000000707c00000|  0%| F|  |TAMS 0x0000000707b00000, 0x0000000707b00000| Untracked 
| 124|0x0000000707c00000, 0x0000000707c00000, 0x0000000707d00000|  0%| F|  |TAMS 0x0000000707c00000, 0x0000000707c00000| Untracked 
| 125|0x0000000707d00000, 0x0000000707d00000, 0x0000000707e00000|  0%| F|  |TAMS 0x0000000707d00000, 0x0000000707d00000| Untracked 
| 126|0x0000000707e00000, 0x0000000707e00000, 0x0000000707f00000|  0%| F|  |TAMS 0x0000000707e00000, 0x0000000707e00000| Untracked 
| 127|0x0000000707f00000, 0x0000000707f00000, 0x0000000708000000|  0%| F|  |TAMS 0x0000000707f00000, 0x0000000707f00000| Untracked 
| 128|0x0000000708000000, 0x0000000708000000, 0x0000000708100000|  0%| F|  |TAMS 0x0000000708000000, 0x0000000708000000| Untracked 
| 129|0x0000000708100000, 0x0000000708100000, 0x0000000708200000|  0%| F|  |TAMS 0x0000000708100000, 0x0000000708100000| Untracked 
| 130|0x0000000708200000, 0x0000000708200000, 0x0000000708300000|  0%| F|  |TAMS 0x0000000708200000, 0x0000000708200000| Untracked 
| 131|0x0000000708300000, 0x0000000708300000, 0x0000000708400000|  0%| F|  |TAMS 0x0000000708300000, 0x0000000708300000| Untracked 
| 132|0x0000000708400000, 0x0000000708400000, 0x0000000708500000|  0%| F|  |TAMS 0x0000000708400000, 0x0000000708400000| Untracked 
| 133|0x0000000708500000, 0x0000000708500000, 0x0000000708600000|  0%| F|  |TAMS 0x0000000708500000, 0x0000000708500000| Untracked 
| 134|0x0000000708600000, 0x0000000708600000, 0x0000000708700000|  0%| F|  |TAMS 0x0000000708600000, 0x0000000708600000| Untracked 
| 135|0x0000000708700000, 0x0000000708700000, 0x0000000708800000|  0%| F|  |TAMS 0x0000000708700000, 0x0000000708700000| Untracked 
| 136|0x0000000708800000, 0x0000000708800000, 0x0000000708900000|  0%| F|  |TAMS 0x0000000708800000, 0x0000000708800000| Untracked 
| 137|0x0000000708900000, 0x0000000708900000, 0x0000000708a00000|  0%| F|  |TAMS 0x0000000708900000, 0x0000000708900000| Untracked 
| 138|0x0000000708a00000, 0x0000000708a00000, 0x0000000708b00000|  0%| F|  |TAMS 0x0000000708a00000, 0x0000000708a00000| Untracked 
| 139|0x0000000708b00000, 0x0000000708b00000, 0x0000000708c00000|  0%| F|  |TAMS 0x0000000708b00000, 0x0000000708b00000| Untracked 
| 140|0x0000000708c00000, 0x0000000708c00000, 0x0000000708d00000|  0%| F|  |TAMS 0x0000000708c00000, 0x0000000708c00000| Untracked 
| 141|0x0000000708d00000, 0x0000000708d00000, 0x0000000708e00000|  0%| F|  |TAMS 0x0000000708d00000, 0x0000000708d00000| Untracked 
| 142|0x0000000708e00000, 0x0000000708e00000, 0x0000000708f00000|  0%| F|  |TAMS 0x0000000708e00000, 0x0000000708e00000| Untracked 
| 143|0x0000000708f00000, 0x0000000708f00000, 0x0000000709000000|  0%| F|  |TAMS 0x0000000708f00000, 0x0000000708f00000| Untracked 
| 144|0x0000000709000000, 0x0000000709000000, 0x0000000709100000|  0%| F|  |TAMS 0x0000000709000000, 0x0000000709000000| Untracked 
| 145|0x0000000709100000, 0x0000000709100000, 0x0000000709200000|  0%| F|  |TAMS 0x0000000709100000, 0x0000000709100000| Untracked 
| 146|0x0000000709200000, 0x0000000709200000, 0x0000000709300000|  0%| F|  |TAMS 0x0000000709200000, 0x0000000709200000| Untracked 
| 147|0x0000000709300000, 0x0000000709300000, 0x0000000709400000|  0%| F|  |TAMS 0x0000000709300000, 0x0000000709300000| Untracked 
| 148|0x0000000709400000, 0x0000000709400000, 0x0000000709500000|  0%| F|  |TAMS 0x0000000709400000, 0x0000000709400000| Untracked 
| 149|0x0000000709500000, 0x0000000709500000, 0x0000000709600000|  0%| F|  |TAMS 0x0000000709500000, 0x0000000709500000| Untracked 
| 150|0x0000000709600000, 0x0000000709600000, 0x0000000709700000|  0%| F|  |TAMS 0x0000000709600000, 0x0000000709600000| Untracked 
| 151|0x0000000709700000, 0x0000000709700000, 0x0000000709800000|  0%| F|  |TAMS 0x0000000709700000, 0x0000000709700000| Untracked 
| 152|0x0000000709800000, 0x0000000709800000, 0x0000000709900000|  0%| F|  |TAMS 0x0000000709800000, 0x0000000709800000| Untracked 
| 153|0x0000000709900000, 0x0000000709900000, 0x0000000709a00000|  0%| F|  |TAMS 0x0000000709900000, 0x0000000709900000| Untracked 
| 154|0x0000000709a00000, 0x0000000709a00000, 0x0000000709b00000|  0%| F|  |TAMS 0x0000000709a00000, 0x0000000709a00000| Untracked 
| 155|0x0000000709b00000, 0x0000000709b00000, 0x0000000709c00000|  0%| F|  |TAMS 0x0000000709b00000, 0x0000000709b00000| Untracked 
| 156|0x0000000709c00000, 0x0000000709c00000, 0x0000000709d00000|  0%| F|  |TAMS 0x0000000709c00000, 0x0000000709c00000| Untracked 
| 157|0x0000000709d00000, 0x0000000709d00000, 0x0000000709e00000|  0%| F|  |TAMS 0x0000000709d00000, 0x0000000709d00000| Untracked 
| 158|0x0000000709e00000, 0x0000000709e00000, 0x0000000709f00000|  0%| F|  |TAMS 0x0000000709e00000, 0x0000000709e00000| Untracked 
| 159|0x0000000709f00000, 0x0000000709f80800, 0x000000070a000000| 50%| E|  |TAMS 0x0000000709f00000, 0x0000000709f00000| Complete 
| 160|0x000000070a000000, 0x000000070a100000, 0x000000070a100000|100%| E|CS|TAMS 0x000000070a000000, 0x000000070a000000| Complete 
| 161|0x000000070a100000, 0x000000070a200000, 0x000000070a200000|100%| E|CS|TAMS 0x000000070a100000, 0x000000070a100000| Complete 
| 162|0x000000070a200000, 0x000000070a300000, 0x000000070a300000|100%| E|CS|TAMS 0x000000070a200000, 0x000000070a200000| Complete 
| 163|0x000000070a300000, 0x000000070a400000, 0x000000070a400000|100%| E|CS|TAMS 0x000000070a300000, 0x000000070a300000| Complete 
| 164|0x000000070a400000, 0x000000070a500000, 0x000000070a500000|100%| E|CS|TAMS 0x000000070a400000, 0x000000070a400000| Complete 
| 165|0x000000070a500000, 0x000000070a600000, 0x000000070a600000|100%| E|CS|TAMS 0x000000070a500000, 0x000000070a500000| Complete 
| 166|0x000000070a600000, 0x000000070a700000, 0x000000070a700000|100%| E|CS|TAMS 0x000000070a600000, 0x000000070a600000| Complete 
| 167|0x000000070a700000, 0x000000070a800000, 0x000000070a800000|100%| E|CS|TAMS 0x000000070a700000, 0x000000070a700000| Complete 
| 168|0x000000070a800000, 0x000000070a900000, 0x000000070a900000|100%| E|CS|TAMS 0x000000070a800000, 0x000000070a800000| Complete 
| 169|0x000000070a900000, 0x000000070aa00000, 0x000000070aa00000|100%| E|CS|TAMS 0x000000070a900000, 0x000000070a900000| Complete 
| 170|0x000000070aa00000, 0x000000070ab00000, 0x000000070ab00000|100%| E|CS|TAMS 0x000000070aa00000, 0x000000070aa00000| Complete 
| 171|0x000000070ab00000, 0x000000070ac00000, 0x000000070ac00000|100%| E|CS|TAMS 0x000000070ab00000, 0x000000070ab00000| Complete 
| 172|0x000000070ac00000, 0x000000070ad00000, 0x000000070ad00000|100%| E|CS|TAMS 0x000000070ac00000, 0x000000070ac00000| Complete 
| 173|0x000000070ad00000, 0x000000070ae00000, 0x000000070ae00000|100%| E|CS|TAMS 0x000000070ad00000, 0x000000070ad00000| Complete 
| 174|0x000000070ae00000, 0x000000070af00000, 0x000000070af00000|100%| E|CS|TAMS 0x000000070ae00000, 0x000000070ae00000| Complete 
| 175|0x000000070af00000, 0x000000070b000000, 0x000000070b000000|100%| E|CS|TAMS 0x000000070af00000, 0x000000070af00000| Complete 
| 176|0x000000070b000000, 0x000000070b100000, 0x000000070b100000|100%| E|CS|TAMS 0x000000070b000000, 0x000000070b000000| Complete 
| 177|0x000000070b100000, 0x000000070b200000, 0x000000070b200000|100%| E|CS|TAMS 0x000000070b100000, 0x000000070b100000| Complete 
| 178|0x000000070b200000, 0x000000070b300000, 0x000000070b300000|100%| E|CS|TAMS 0x000000070b200000, 0x000000070b200000| Complete 
| 179|0x000000070b300000, 0x000000070b400000, 0x000000070b400000|100%| E|CS|TAMS 0x000000070b300000, 0x000000070b300000| Complete 
| 180|0x000000070b400000, 0x000000070b500000, 0x000000070b500000|100%| E|CS|TAMS 0x000000070b400000, 0x000000070b400000| Complete 
| 181|0x000000070b500000, 0x000000070b600000, 0x000000070b600000|100%| E|CS|TAMS 0x000000070b500000, 0x000000070b500000| Complete 
| 182|0x000000070b600000, 0x000000070b700000, 0x000000070b700000|100%| E|CS|TAMS 0x000000070b600000, 0x000000070b600000| Complete 
| 183|0x000000070b700000, 0x000000070b800000, 0x000000070b800000|100%| E|CS|TAMS 0x000000070b700000, 0x000000070b700000| Complete 
| 184|0x000000070b800000, 0x000000070b900000, 0x000000070b900000|100%| E|CS|TAMS 0x000000070b800000, 0x000000070b800000| Complete 
| 185|0x000000070b900000, 0x000000070ba00000, 0x000000070ba00000|100%| E|CS|TAMS 0x000000070b900000, 0x000000070b900000| Complete 
| 186|0x000000070ba00000, 0x000000070bb00000, 0x000000070bb00000|100%| E|CS|TAMS 0x000000070ba00000, 0x000000070ba00000| Complete 
| 187|0x000000070bb00000, 0x000000070bc00000, 0x000000070bc00000|100%| E|CS|TAMS 0x000000070bb00000, 0x000000070bb00000| Complete 
| 188|0x000000070bc00000, 0x000000070bd00000, 0x000000070bd00000|100%| E|CS|TAMS 0x000000070bc00000, 0x000000070bc00000| Complete 
| 189|0x000000070bd00000, 0x000000070be00000, 0x000000070be00000|100%| E|CS|TAMS 0x000000070bd00000, 0x000000070bd00000| Complete 
| 190|0x000000070be00000, 0x000000070bf00000, 0x000000070bf00000|100%| E|CS|TAMS 0x000000070be00000, 0x000000070be00000| Complete 
| 191|0x000000070bf00000, 0x000000070c000000, 0x000000070c000000|100%| E|CS|TAMS 0x000000070bf00000, 0x000000070bf00000| Complete 
| 192|0x000000070c000000, 0x000000070c100000, 0x000000070c100000|100%| E|CS|TAMS 0x000000070c000000, 0x000000070c000000| Complete 
| 193|0x000000070c100000, 0x000000070c200000, 0x000000070c200000|100%| E|CS|TAMS 0x000000070c100000, 0x000000070c100000| Complete 
| 194|0x000000070c200000, 0x000000070c300000, 0x000000070c300000|100%| E|CS|TAMS 0x000000070c200000, 0x000000070c200000| Complete 
| 195|0x000000070c300000, 0x000000070c400000, 0x000000070c400000|100%| E|CS|TAMS 0x000000070c300000, 0x000000070c300000| Complete 
| 196|0x000000070c400000, 0x000000070c500000, 0x000000070c500000|100%| E|CS|TAMS 0x000000070c400000, 0x000000070c400000| Complete 
| 197|0x000000070c500000, 0x000000070c600000, 0x000000070c600000|100%| E|CS|TAMS 0x000000070c500000, 0x000000070c500000| Complete 
| 198|0x000000070c600000, 0x000000070c700000, 0x000000070c700000|100%| E|CS|TAMS 0x000000070c600000, 0x000000070c600000| Complete 
| 199|0x000000070c700000, 0x000000070c800000, 0x000000070c800000|100%| E|CS|TAMS 0x000000070c700000, 0x000000070c700000| Complete 
| 200|0x000000070c800000, 0x000000070c900000, 0x000000070c900000|100%| E|CS|TAMS 0x000000070c800000, 0x000000070c800000| Complete 
| 201|0x000000070c900000, 0x000000070ca00000, 0x000000070ca00000|100%| E|CS|TAMS 0x000000070c900000, 0x000000070c900000| Complete 
| 202|0x000000070ca00000, 0x000000070cb00000, 0x000000070cb00000|100%| E|CS|TAMS 0x000000070ca00000, 0x000000070ca00000| Complete 
| 203|0x000000070cb00000, 0x000000070cc00000, 0x000000070cc00000|100%| E|CS|TAMS 0x000000070cb00000, 0x000000070cb00000| Complete 
| 204|0x000000070cc00000, 0x000000070cd00000, 0x000000070cd00000|100%| E|CS|TAMS 0x000000070cc00000, 0x000000070cc00000| Complete 
| 205|0x000000070cd00000, 0x000000070ce00000, 0x000000070ce00000|100%| E|CS|TAMS 0x000000070cd00000, 0x000000070cd00000| Complete 
| 206|0x000000070ce00000, 0x000000070cf00000, 0x000000070cf00000|100%| E|CS|TAMS 0x000000070ce00000, 0x000000070ce00000| Complete 
| 207|0x000000070cf00000, 0x000000070d000000, 0x000000070d000000|100%| E|CS|TAMS 0x000000070cf00000, 0x000000070cf00000| Complete 
| 208|0x000000070d000000, 0x000000070d100000, 0x000000070d100000|100%| E|CS|TAMS 0x000000070d000000, 0x000000070d000000| Complete 
| 209|0x000000070d100000, 0x000000070d200000, 0x000000070d200000|100%| E|CS|TAMS 0x000000070d100000, 0x000000070d100000| Complete 
| 210|0x000000070d200000, 0x000000070d300000, 0x000000070d300000|100%| E|CS|TAMS 0x000000070d200000, 0x000000070d200000| Complete 
| 211|0x000000070d300000, 0x000000070d400000, 0x000000070d400000|100%| E|CS|TAMS 0x000000070d300000, 0x000000070d300000| Complete 
| 212|0x000000070d400000, 0x000000070d500000, 0x000000070d500000|100%| E|CS|TAMS 0x000000070d400000, 0x000000070d400000| Complete 
| 213|0x000000070d500000, 0x000000070d600000, 0x000000070d600000|100%| E|CS|TAMS 0x000000070d500000, 0x000000070d500000| Complete 
| 214|0x000000070d600000, 0x000000070d700000, 0x000000070d700000|100%| E|CS|TAMS 0x000000070d600000, 0x000000070d600000| Complete 
| 215|0x000000070d700000, 0x000000070d800000, 0x000000070d800000|100%| E|CS|TAMS 0x000000070d700000, 0x000000070d700000| Complete 
| 216|0x000000070d800000, 0x000000070d900000, 0x000000070d900000|100%| E|CS|TAMS 0x000000070d800000, 0x000000070d800000| Complete 
| 217|0x000000070d900000, 0x000000070da00000, 0x000000070da00000|100%| E|CS|TAMS 0x000000070d900000, 0x000000070d900000| Complete 
| 218|0x000000070da00000, 0x000000070db00000, 0x000000070db00000|100%| E|CS|TAMS 0x000000070da00000, 0x000000070da00000| Complete 
| 219|0x000000070db00000, 0x000000070dc00000, 0x000000070dc00000|100%| E|CS|TAMS 0x000000070db00000, 0x000000070db00000| Complete 
| 220|0x000000070dc00000, 0x000000070dd00000, 0x000000070dd00000|100%| E|CS|TAMS 0x000000070dc00000, 0x000000070dc00000| Complete 
| 221|0x000000070dd00000, 0x000000070de00000, 0x000000070de00000|100%| E|CS|TAMS 0x000000070dd00000, 0x000000070dd00000| Complete 
| 222|0x000000070de00000, 0x000000070df00000, 0x000000070df00000|100%| E|CS|TAMS 0x000000070de00000, 0x000000070de00000| Complete 
| 223|0x000000070df00000, 0x000000070e000000, 0x000000070e000000|100%| E|CS|TAMS 0x000000070df00000, 0x000000070df00000| Complete 
| 224|0x000000070e000000, 0x000000070e100000, 0x000000070e100000|100%| E|CS|TAMS 0x000000070e000000, 0x000000070e000000| Complete 
| 225|0x000000070e100000, 0x000000070e200000, 0x000000070e200000|100%| E|CS|TAMS 0x000000070e100000, 0x000000070e100000| Complete 
| 226|0x000000070e200000, 0x000000070e300000, 0x000000070e300000|100%| E|CS|TAMS 0x000000070e200000, 0x000000070e200000| Complete 
| 227|0x000000070e300000, 0x000000070e400000, 0x000000070e400000|100%| E|CS|TAMS 0x000000070e300000, 0x000000070e300000| Complete 
| 228|0x000000070e400000, 0x000000070e500000, 0x000000070e500000|100%| E|CS|TAMS 0x000000070e400000, 0x000000070e400000| Complete 
| 229|0x000000070e500000, 0x000000070e600000, 0x000000070e600000|100%| E|CS|TAMS 0x000000070e500000, 0x000000070e500000| Complete 
| 230|0x000000070e600000, 0x000000070e700000, 0x000000070e700000|100%| E|CS|TAMS 0x000000070e600000, 0x000000070e600000| Complete 
| 231|0x000000070e700000, 0x000000070e800000, 0x000000070e800000|100%| E|CS|TAMS 0x000000070e700000, 0x000000070e700000| Complete 
| 232|0x000000070e800000, 0x000000070e900000, 0x000000070e900000|100%| E|CS|TAMS 0x000000070e800000, 0x000000070e800000| Complete 
| 233|0x000000070e900000, 0x000000070ea00000, 0x000000070ea00000|100%| E|CS|TAMS 0x000000070e900000, 0x000000070e900000| Complete 
| 234|0x000000070ea00000, 0x000000070eb00000, 0x000000070eb00000|100%| E|CS|TAMS 0x000000070ea00000, 0x000000070ea00000| Complete 
| 235|0x000000070eb00000, 0x000000070ec00000, 0x000000070ec00000|100%| E|CS|TAMS 0x000000070eb00000, 0x000000070eb00000| Complete 
| 236|0x000000070ec00000, 0x000000070ed00000, 0x000000070ed00000|100%| E|CS|TAMS 0x000000070ec00000, 0x000000070ec00000| Complete 
| 237|0x000000070ed00000, 0x000000070ee00000, 0x000000070ee00000|100%| E|CS|TAMS 0x000000070ed00000, 0x000000070ed00000| Complete 
| 238|0x000000070ee00000, 0x000000070ef00000, 0x000000070ef00000|100%| E|CS|TAMS 0x000000070ee00000, 0x000000070ee00000| Complete 
| 239|0x000000070ef00000, 0x000000070f000000, 0x000000070f000000|100%| E|CS|TAMS 0x000000070ef00000, 0x000000070ef00000| Complete 
| 240|0x000000070f000000, 0x000000070f100000, 0x000000070f100000|100%| E|CS|TAMS 0x000000070f000000, 0x000000070f000000| Complete 
| 241|0x000000070f100000, 0x000000070f200000, 0x000000070f200000|100%| E|CS|TAMS 0x000000070f100000, 0x000000070f100000| Complete 
| 242|0x000000070f200000, 0x000000070f300000, 0x000000070f300000|100%| E|CS|TAMS 0x000000070f200000, 0x000000070f200000| Complete 
| 243|0x000000070f300000, 0x000000070f400000, 0x000000070f400000|100%| E|CS|TAMS 0x000000070f300000, 0x000000070f300000| Complete 
| 244|0x000000070f400000, 0x000000070f500000, 0x000000070f500000|100%| E|CS|TAMS 0x000000070f400000, 0x000000070f400000| Complete 
| 245|0x000000070f500000, 0x000000070f600000, 0x000000070f600000|100%| E|CS|TAMS 0x000000070f500000, 0x000000070f500000| Complete 
| 246|0x000000070f600000, 0x000000070f700000, 0x000000070f700000|100%| E|CS|TAMS 0x000000070f600000, 0x000000070f600000| Complete 
| 247|0x000000070f700000, 0x000000070f800000, 0x000000070f800000|100%| E|CS|TAMS 0x000000070f700000, 0x000000070f700000| Complete 
| 248|0x000000070f800000, 0x000000070f900000, 0x000000070f900000|100%| E|CS|TAMS 0x000000070f800000, 0x000000070f800000| Complete 
| 249|0x000000070f900000, 0x000000070fa00000, 0x000000070fa00000|100%| E|CS|TAMS 0x000000070f900000, 0x000000070f900000| Complete 
| 250|0x000000070fa00000, 0x000000070fb00000, 0x000000070fb00000|100%| E|CS|TAMS 0x000000070fa00000, 0x000000070fa00000| Complete 
| 251|0x000000070fb00000, 0x000000070fc00000, 0x000000070fc00000|100%| E|CS|TAMS 0x000000070fb00000, 0x000000070fb00000| Complete 
| 252|0x000000070fc00000, 0x000000070fd00000, 0x000000070fd00000|100%| E|CS|TAMS 0x000000070fc00000, 0x000000070fc00000| Complete 
| 253|0x000000070fd00000, 0x000000070fe00000, 0x000000070fe00000|100%| E|CS|TAMS 0x000000070fd00000, 0x000000070fd00000| Complete 
| 254|0x000000070fe00000, 0x000000070ff00000, 0x000000070ff00000|100%| E|CS|TAMS 0x000000070fe00000, 0x000000070fe00000| Complete 
| 255|0x000000070ff00000, 0x0000000710000000, 0x0000000710000000|100%| E|CS|TAMS 0x000000070ff00000, 0x000000070ff00000| Complete 
|3070|0x00000007bfe00000, 0x00000007bfe46000, 0x00000007bff00000| 27%|OA|  |TAMS 0x00000007bfe00000, 0x00000007bfe00000| Untracked 
|3071|0x00000007bff00000, 0x00000007bff6f000, 0x00000007c0000000| 43%|CA|  |TAMS 0x00000007bff00000, 0x00000007bff00000| Untracked 

Card table byte_map: [0x0000000111373000,0x0000000111b73000] _byte_map_base: 0x000000010db73000

Marking Bits (Prev, Next): (CMBitMap*) 0x00007fa2c202fe18, (CMBitMap*) 0x00007fa2c202fe58
 Prev Bits: [0x000000012ae98000, 0x000000012ee98000)
 Next Bits: [0x000000012ee98000, 0x0000000132e98000)

Polling page: 0x000000010d958000

Metaspace:

Usage:
  Non-class:     12.94 MB capacity,    12.56 MB ( 97%) used,   337.30 KB (  3%) free+waste,    52.50 KB ( <1%) overhead. 
      Class:      1.79 MB capacity,     1.58 MB ( 88%) used,   187.27 KB ( 10%) free+waste,    25.62 KB (  1%) overhead. 
       Both:     14.72 MB capacity,    14.13 MB ( 96%) used,   524.57 KB (  3%) free+waste,    78.12 KB ( <1%) overhead. 

Virtual space:
  Non-class space:       14.00 MB reserved,      13.00 MB ( 93%) committed 
      Class space:        1.00 GB reserved,       1.88 MB ( <1%) committed 
             Both:        1.01 GB reserved,      14.88 MB (  1%) committed 

Chunk freelists:
   Non-Class:  1.50 KB
       Class:  0 bytes
        Both:  1.50 KB

CodeHeap 'non-profiled nmethods': size=120032Kb used=657Kb max_used=657Kb free=119374Kb
 bounds [0x0000000123960000, 0x0000000123bd0000, 0x000000012ae98000]
CodeHeap 'profiled nmethods': size=120028Kb used=3828Kb max_used=3828Kb free=116199Kb
 bounds [0x000000011c429000, 0x000000011c7e9000, 0x0000000123960000]
CodeHeap 'non-nmethods': size=5700Kb used=1227Kb max_used=1247Kb free=4472Kb
 bounds [0x000000011be98000, 0x000000011c108000, 0x000000011c429000]
 total_blobs=2686 nmethods=1790 adapters=413
 compilation: enabled
              stopped_count=0, restarted_count=0
 full_count=0

Compilation events (10 events):
Event: 98.733 Thread 0x00007fa2c5018000 1788       3       java.lang.ref.ReferenceQueue::reallyPoll (65 bytes)
Event: 98.735 Thread 0x00007fa2c5018000 nmethod 1788 0x000000011c7e3e10 code [0x000000011c7e4000, 0x000000011c7e45b0]
Event: 98.735 Thread 0x00007fa2c5018000 1789       1       java.lang.ref.Reference::clear (6 bytes)
Event: 98.735 Thread 0x00007fa2c5018000 nmethod 1789 0x0000000123a04310 code [0x0000000123a044c0, 0x0000000123a04610]
Event: 98.736 Thread 0x00007fa2c5018000 1790   !   3       java.lang.ref.ReferenceQueue::remove (125 bytes)
Event: 98.737 Thread 0x00007fa2c5018000 nmethod 1790 0x000000011c7e4690 code [0x000000011c7e48e0, 0x000000011c7e5278]
Event: 98.737 Thread 0x00007fa2c5018000 1791   !   3       jdk.internal.ref.PhantomCleanable::isListEmpty (34 bytes)
Event: 98.737 Thread 0x00007fa2c5018000 nmethod 1791 0x000000011c7e5610 code [0x000000011c7e57e0, 0x000000011c7e5b90]
Event: 98.737 Thread 0x00007fa2c5018000 1792       3       jdk.internal.misc.InnocuousThread::eraseThreadLocals (23 bytes)
Event: 98.737 Thread 0x00007fa2c5018000 nmethod 1792 0x000000011c7e5d10 code [0x000000011c7e5ec0, 0x000000011c7e6130]

GC Heap History (4 events):
Event: 0.625 GC heap before
{Heap before GC invocations=0 (full 0):
 garbage-first heap   total 264192K, used 24276K [0x0000000700000000, 0x0000000800000000)
  region size 1024K, 24 young (24576K), 0 survivors (0K)
 Metaspace       used 5768K, capacity 6018K, committed 6144K, reserved 1056768K
  class space    used 615K, capacity 725K, committed 768K, reserved 1048576K
}
Event: 0.631 GC heap after
{Heap after GC invocations=1 (full 0):
 garbage-first heap   total 264192K, used 5499K [0x0000000700000000, 0x0000000800000000)
  region size 1024K, 3 young (3072K), 3 survivors (3072K)
 Metaspace       used 5768K, capacity 6018K, committed 6144K, reserved 1056768K
  class space    used 615K, capacity 725K, committed 768K, reserved 1048576K
}
Event: 98.726 GC heap before
{Heap before GC invocations=1 (full 0):
 garbage-first heap   total 264192K, used 179579K [0x0000000700000000, 0x0000000800000000)
  region size 1024K, 153 young (156672K), 3 survivors (3072K)
 Metaspace       used 14272K, capacity 14807K, committed 14976K, reserved 1062912K
  class space    used 1600K, capacity 1824K, committed 1920K, reserved 1048576K
}
Event: 98.732 GC heap after
{Heap after GC invocations=2 (full 0):
 garbage-first heap   total 264192K, used 14499K [0x0000000700000000, 0x0000000800000000)
  region size 1024K, 7 young (7168K), 7 survivors (7168K)
 Metaspace       used 14272K, capacity 14807K, committed 14976K, reserved 1062912K
  class space    used 1600K, capacity 1824K, committed 1920K, reserved 1048576K
}

Deoptimization events (10 events):
Event: 0.769 Thread 0x00007fa2c4801000 Uncommon trap: reason=unstable_if action=reinterpret pc=0x00000001239b8538 method=java.io.BufferedReader.readLine(Z)Ljava/lang/String; @ 55 c2
Event: 0.823 Thread 0x00007fa2c4801000 Uncommon trap: reason=unstable_if action=reinterpret pc=0x00000001239c2f54 method=java.util.jar.JarFile.getVersionedEntry(Ljava/lang/String;Ljava/util/jar/JarEntry;)Ljava/util/jar/JarEntry; @ 7 c2
Event: 0.881 Thread 0x00007fa2c4071000 Uncommon trap: reason=unstable_if action=reinterpret pc=0x000000012399be6c method=java.lang.CharacterDataLatin1.digit(II)I @ 12 c2
Event: 0.926 Thread 0x00007fa2c4071000 Uncommon trap: reason=bimorphic_or_optimized_type_check action=maybe_recompile pc=0x00000001239b0e98 method=java.util.HashMap.putVal(ILjava/lang/Object;Ljava/lang/Object;ZZ)Ljava/lang/Object; @ 56 c2
Event: 1.086 Thread 0x00007fa2c4801000 Uncommon trap: reason=unstable_if action=reinterpret pc=0x00000001239d56d0 method=java.io.ByteArrayInputStream.read([BII)I @ 16 c2
Event: 4.319 Thread 0x00007fa2c4801000 Uncommon trap: reason=class_check action=maybe_recompile pc=0x00000001239e7c2c method=org.openqa.selenium.json.Input.init()V @ 18 c2
Event: 4.319 Thread 0x00007fa2c4801000 Uncommon trap: reason=class_check action=maybe_recompile pc=0x00000001239e7c2c method=org.openqa.selenium.json.Input.init()V @ 18 c2
Event: 4.319 Thread 0x00007fa2c4801000 Uncommon trap: reason=class_check action=maybe_recompile pc=0x00000001239e7c2c method=org.openqa.selenium.json.Input.init()V @ 18 c2
Event: 4.319 Thread 0x00007fa2c4801000 Uncommon trap: reason=class_check action=maybe_recompile pc=0x00000001239e7c2c method=org.openqa.selenium.json.Input.init()V @ 18 c2
Event: 4.325 Thread 0x00007fa2c4801000 Uncommon trap: reason=class_check action=maybe_recompile pc=0x00000001239b0e24 method=java.util.HashMap.putVal(ILjava/lang/Object;Ljava/lang/Object;ZZ)Ljava/lang/Object; @ 91 c2

Classes redefined (2 events):
Event: 1024.879 Thread 0x00007fa2c5011800 redefined class name=com.selenium4.DevToolsSample, count=1
Event: 1061.527 Thread 0x00007fa2c5011800 redefined class name=com.selenium4.DevToolsSample, count=2

Internal exceptions (10 events):
Event: 4.364 Thread 0x00007fa2c4801000 Exception <a 'java/net/SocketTimeoutException'{0x000000070d16ffe8}: Read timed out> (0x000000070d16ffe8) thrown at [/scratch/mesos/slaves/07fc96ef-bf4d-487f-b22f-a84e49f5f44a-S53531/frameworks/1735e8a2-a1db-478c-8104-60c8b0af87dd-0196/executors/5a943376-f
Event: 24.613 Thread 0x00007fa2c4801000 Exception <a 'java/net/SocketTimeoutException'{0x000000070cf13090}: Read timed out> (0x000000070cf13090) thrown at [/scratch/mesos/slaves/07fc96ef-bf4d-487f-b22f-a84e49f5f44a-S53531/frameworks/1735e8a2-a1db-478c-8104-60c8b0af87dd-0196/executors/5a943376-f
Event: 24.645 Thread 0x00007fa2c4801000 Exception <a 'java/net/SocketTimeoutException'{0x000000070cafb520}: Read timed out> (0x000000070cafb520) thrown at [/scratch/mesos/slaves/07fc96ef-bf4d-487f-b22f-a84e49f5f44a-S53531/frameworks/1735e8a2-a1db-478c-8104-60c8b0af87dd-0196/executors/5a943376-f
Event: 24.661 Thread 0x00007fa2c4801000 Exception <a 'java/net/SocketTimeoutException'{0x000000070c92b6e8}: Read timed out> (0x000000070c92b6e8) thrown at [/scratch/mesos/slaves/07fc96ef-bf4d-487f-b22f-a84e49f5f44a-S53531/frameworks/1735e8a2-a1db-478c-8104-60c8b0af87dd-0196/executors/5a943376-f
Event: 24.672 Thread 0x00007fa2c4801000 Exception <a 'java/net/SocketTimeoutException'{0x000000070c963af0}: Read timed out> (0x000000070c963af0) thrown at [/scratch/mesos/slaves/07fc96ef-bf4d-487f-b22f-a84e49f5f44a-S53531/frameworks/1735e8a2-a1db-478c-8104-60c8b0af87dd-0196/executors/5a943376-f
Event: 26.181 Thread 0x00007fa2c4801000 Exception <a 'java/net/SocketTimeoutException'{0x000000070c979bd0}: Read timed out> (0x000000070c979bd0) thrown at [/scratch/mesos/slaves/07fc96ef-bf4d-487f-b22f-a84e49f5f44a-S53531/frameworks/1735e8a2-a1db-478c-8104-60c8b0af87dd-0196/executors/5a943376-f
Event: 26.193 Thread 0x00007fa2c4801000 Exception <a 'java/net/SocketTimeoutException'{0x000000070c80de08}: Read timed out> (0x000000070c80de08) thrown at [/scratch/mesos/slaves/07fc96ef-bf4d-487f-b22f-a84e49f5f44a-S53531/frameworks/1735e8a2-a1db-478c-8104-60c8b0af87dd-0196/executors/5a943376-f
Event: 26.278 Thread 0x00007fa2c4801000 Exception <a 'java/net/SocketTimeoutException'{0x000000070c823cb8}: Read timed out> (0x000000070c823cb8) thrown at [/scratch/mesos/slaves/07fc96ef-bf4d-487f-b22f-a84e49f5f44a-S53531/frameworks/1735e8a2-a1db-478c-8104-60c8b0af87dd-0196/executors/5a943376-f
Event: 26.290 Thread 0x00007fa2c4801000 Exception <a 'java/net/SocketTimeoutException'{0x000000070c83f220}: Read timed out> (0x000000070c83f220) thrown at [/scratch/mesos/slaves/07fc96ef-bf4d-487f-b22f-a84e49f5f44a-S53531/frameworks/1735e8a2-a1db-478c-8104-60c8b0af87dd-0196/executors/5a943376-f
Event: 69.393 Thread 0x00007fa2c4801000 Exception <a 'java/net/SocketTimeoutException'{0x000000070c870c60}: Read timed out> (0x000000070c870c60) thrown at [/scratch/mesos/slaves/07fc96ef-bf4d-487f-b22f-a84e49f5f44a-S53531/frameworks/1735e8a2-a1db-478c-8104-60c8b0af87dd-0196/executors/5a943376-f

Events (10 events):
Event: 1068.333 Executing VM operation: GetCurrentContendedMonitor done
Event: 1068.333 Executing VM operation: GetOwnedMonitorInfo
Event: 1068.333 Executing VM operation: GetOwnedMonitorInfo done
Event: 1068.333 Executing VM operation: GetCurrentContendedMonitor
Event: 1068.333 Executing VM operation: GetCurrentContendedMonitor done
Event: 1068.334 Executing VM operation: GetCurrentContendedMonitor
Event: 1068.334 Executing VM operation: GetCurrentContendedMonitor done
Event: 1068.335 Executing VM operation: GetOwnedMonitorInfo
Event: 1068.335 Executing VM operation: GetOwnedMonitorInfo done
Event: 1068.444 Executing VM operation: GetOrSetLocal


Dynamic libraries:
0x00007fff5b9bd000 	/usr/lib/libz.1.dylib
0x000000010d8e0000 	/Library/Java/JavaVirtualMachines/openjdk-12.jdk/Contents/Home/lib/libjli.dylib
0x00007fff2faf9000 	/System/Library/Frameworks/Cocoa.framework/Versions/A/Cocoa
0x00007fff3b8a7000 	/System/Library/Frameworks/Security.framework/Versions/A/Security
0x00007fff2e78b000 	/System/Library/Frameworks/ApplicationServices.framework/Versions/A/ApplicationServices
0x00007fff59314000 	/usr/lib/libSystem.B.dylib
0x00007fff5c1b3000 	/usr/lib/system/libcache.dylib
0x00007fff5c1b8000 	/usr/lib/system/libcommonCrypto.dylib
0x00007fff5c1c3000 	/usr/lib/system/libcompiler_rt.dylib
0x00007fff5c1cb000 	/usr/lib/system/libcopyfile.dylib
0x00007fff5c1d5000 	/usr/lib/system/libcorecrypto.dylib
0x00007fff5c2e0000 	/usr/lib/system/libdispatch.dylib
0x00007fff5c31a000 	/usr/lib/system/libdyld.dylib
0x00007fff5c347000 	/usr/lib/system/libkeymgr.dylib
0x00007fff5c355000 	/usr/lib/system/liblaunch.dylib
0x00007fff5c356000 	/usr/lib/system/libmacho.dylib
0x00007fff5c35c000 	/usr/lib/system/libquarantine.dylib
0x00007fff5c35f000 	/usr/lib/system/libremovefile.dylib
0x00007fff5c361000 	/usr/lib/system/libsystem_asl.dylib
0x00007fff5c379000 	/usr/lib/system/libsystem_blocks.dylib
0x00007fff5c37a000 	/usr/lib/system/libsystem_c.dylib
0x00007fff5c402000 	/usr/lib/system/libsystem_configuration.dylib
0x00007fff5c406000 	/usr/lib/system/libsystem_coreservices.dylib
0x00007fff5c40a000 	/usr/lib/system/libsystem_darwin.dylib
0x00007fff5c411000 	/usr/lib/system/libsystem_dnssd.dylib
0x00007fff5c418000 	/usr/lib/system/libsystem_info.dylib
0x00007fff5c48d000 	/usr/lib/system/libsystem_m.dylib
0x00007fff5c4d9000 	/usr/lib/system/libsystem_malloc.dylib
0x00007fff5c504000 	/usr/lib/system/libsystem_networkextension.dylib
0x00007fff5c50f000 	/usr/lib/system/libsystem_notify.dylib
0x00007fff5c52c000 	/usr/lib/system/libsystem_sandbox.dylib
0x00007fff5c530000 	/usr/lib/system/libsystem_secinit.dylib
0x00007fff5c464000 	/usr/lib/system/libsystem_kernel.dylib
0x00007fff5c517000 	/usr/lib/system/libsystem_platform.dylib
0x00007fff5c521000 	/usr/lib/system/libsystem_pthread.dylib
0x00007fff5c533000 	/usr/lib/system/libsystem_symptoms.dylib
0x00007fff5c53b000 	/usr/lib/system/libsystem_trace.dylib
0x00007fff5c552000 	/usr/lib/system/libunwind.dylib
0x00007fff5c558000 	/usr/lib/system/libxpc.dylib
0x00007fff5ab4d000 	/usr/lib/libobjc.A.dylib
0x00007fff595ad000 	/usr/lib/libc++abi.dylib
0x00007fff59559000 	/usr/lib/libc++.1.dylib
0x00007fff3036e000 	/System/Library/Frameworks/CoreFoundation.framework/Versions/A/CoreFoundation
0x00007fff325f2000 	/System/Library/Frameworks/Foundation.framework/Versions/C/Foundation
0x00007fff2d984000 	/System/Library/Frameworks/AppKit.framework/Versions/C/AppKit
0x00007fff2fef7000 	/System/Library/Frameworks/CoreData.framework/Versions/A/CoreData
0x00007fff52dd9000 	/System/Library/PrivateFrameworks/RemoteViewServices.framework/Versions/A/RemoteViewServices
0x00007fff57050000 	/System/Library/PrivateFrameworks/UIFoundation.framework/Versions/A/UIFoundation
0x00007fff58735000 	/System/Library/PrivateFrameworks/XCTTargetBootstrap.framework/Versions/A/XCTTargetBootstrap
0x00007fff3027d000 	/System/Library/Frameworks/CoreDisplay.framework/Versions/A/CoreDisplay
0x00007fff4daee000 	/System/Library/PrivateFrameworks/IconServices.framework/Versions/A/IconServices
0x00007fff34f14000 	/System/Library/Frameworks/Metal.framework/Versions/A/Metal
0x00007fff45032000 	/System/Library/PrivateFrameworks/DesktopServicesPriv.framework/Versions/A/DesktopServicesPriv
0x00007fff59eb0000 	/usr/lib/libenergytrace.dylib
0x00007fff55537000 	/System/Library/PrivateFrameworks/SkyLight.framework/Versions/A/SkyLight
0x00007fff307b5000 	/System/Library/Frameworks/CoreGraphics.framework/Versions/A/CoreGraphics
0x00007fff2c750000 	/System/Library/Frameworks/Accelerate.framework/Versions/A/Accelerate
0x00007fff32d3b000 	/System/Library/Frameworks/IOSurface.framework/Versions/A/IOSurface
0x00007fff44e9e000 	/System/Library/PrivateFrameworks/DFRFoundation.framework/Versions/A/DFRFoundation
0x00007fff2ec6e000 	/System/Library/Frameworks/AudioToolbox.framework/Versions/A/AudioToolbox
0x00007fff2eee7000 	/System/Library/Frameworks/AudioUnit.framework/Versions/A/AudioUnit
0x00007fff44f33000 	/System/Library/PrivateFrameworks/DataDetectorsCore.framework/Versions/A/DataDetectorsCore
0x00007fff2f5fc000 	/System/Library/Frameworks/Carbon.framework/Versions/A/Frameworks/HIToolbox.framework/Versions/A/HIToolbox
0x00007fff5a009000 	/usr/lib/libicucore.A.dylib
0x00007fff3ae1a000 	/System/Library/Frameworks/QuartzCore.framework/Versions/A/QuartzCore
0x00007fff2f9d1000 	/System/Library/Frameworks/Carbon.framework/Versions/A/Frameworks/SpeechRecognition.framework/Versions/A/SpeechRecognition
0x00007fff59468000 	/usr/lib/libauto.dylib
0x00007fff5b8b0000 	/usr/lib/libxml2.2.dylib
0x00007fff44a79000 	/System/Library/PrivateFrameworks/CoreUI.framework/Versions/A/CoreUI
0x00007fff2fde2000 	/System/Library/Frameworks/CoreAudio.framework/Versions/A/CoreAudio
0x00007fff32427000 	/System/Library/Frameworks/DiskArbitration.framework/Versions/A/DiskArbitration
0x00007fff5a2b7000 	/usr/lib/liblangid.dylib
0x00007fff4ef1e000 	/System/Library/PrivateFrameworks/MultitouchSupport.framework/Versions/A/MultitouchSupport
0x00007fff32caa000 	/System/Library/Frameworks/IOKit.framework/Versions/A/IOKit
0x00007fff58ed4000 	/usr/lib/libDiagnosticMessagesClient.dylib
0x00007fff315c5000 	/System/Library/Frameworks/CoreServices.framework/Versions/A/CoreServices
0x00007fff50bd8000 	/System/Library/PrivateFrameworks/PerformanceAnalysis.framework/Versions/A/PerformanceAnalysis
0x00007fff3a001000 	/System/Library/Frameworks/OpenGL.framework/Versions/A/OpenGL
0x00007fff2fb07000 	/System/Library/Frameworks/ColorSync.framework/Versions/A/ColorSync
0x00007fff30e47000 	/System/Library/Frameworks/CoreImage.framework/Versions/A/CoreImage
0x00007fff31f9d000 	/System/Library/Frameworks/CoreText.framework/Versions/A/CoreText
0x00007fff32d9e000 	/System/Library/Frameworks/ImageIO.framework/Versions/A/ImageIO
0x00007fff410cb000 	/System/Library/PrivateFrameworks/Backup.framework/Versions/A/Backup
0x00007fff593bb000 	/usr/lib/libarchive.2.dylib
0x00007fff2f240000 	/System/Library/Frameworks/CFNetwork.framework/Versions/A/CFNetwork
0x00007fff3c003000 	/System/Library/Frameworks/SystemConfiguration.framework/Versions/A/SystemConfiguration
0x00007fff58e05000 	/usr/lib/libCRFSuite.dylib
0x00007fff5953a000 	/usr/lib/libbsm.0.dylib
0x00007fff5c348000 	/usr/lib/system/libkxld.dylib
0x00007fff404bc000 	/System/Library/PrivateFrameworks/AppleFSCompression.framework/Versions/A/AppleFSCompression
0x00007fff591d4000 	/usr/lib/libOpenScriptingUtil.dylib
0x00007fff59862000 	/usr/lib/libcoretls.dylib
0x00007fff59879000 	/usr/lib/libcoretls_cfhelpers.dylib
0x00007fff5b2e4000 	/usr/lib/libpam.2.dylib
0x00007fff5b4a4000 	/usr/lib/libsqlite3.dylib
0x00007fff5b89e000 	/usr/lib/libxar.1.dylib
0x00007fff5954b000 	/usr/lib/libbz2.1.0.dylib
0x00007fff5a2b9000 	/usr/lib/liblzma.5.dylib
0x00007fff5a76a000 	/usr/lib/libnetwork.dylib
0x00007fff593a4000 	/usr/lib/libapple_nghttp2.dylib
0x00007fff5b2eb000 	/usr/lib/libpcap.A.dylib
0x00007fff31964000 	/System/Library/Frameworks/CoreServices.framework/Versions/A/Frameworks/FSEvents.framework/Versions/A/FSEvents
0x00007fff31643000 	/System/Library/Frameworks/CoreServices.framework/Versions/A/Frameworks/CarbonCore.framework/Versions/A/CarbonCore
0x00007fff31b1f000 	/System/Library/Frameworks/CoreServices.framework/Versions/A/Frameworks/Metadata.framework/Versions/A/Metadata
0x00007fff31bbe000 	/System/Library/Frameworks/CoreServices.framework/Versions/A/Frameworks/OSServices.framework/Versions/A/OSServices
0x00007fff31c09000 	/System/Library/Frameworks/CoreServices.framework/Versions/A/Frameworks/SearchKit.framework/Versions/A/SearchKit
0x00007fff315c6000 	/System/Library/Frameworks/CoreServices.framework/Versions/A/Frameworks/AE.framework/Versions/A/AE
0x00007fff3196d000 	/System/Library/Frameworks/CoreServices.framework/Versions/A/Frameworks/LaunchServices.framework/Versions/A/LaunchServices
0x00007fff3191b000 	/System/Library/Frameworks/CoreServices.framework/Versions/A/Frameworks/DictionaryServices.framework/Versions/A/DictionaryServices
0x00007fff31c71000 	/System/Library/Frameworks/CoreServices.framework/Versions/A/Frameworks/SharedFileList.framework/Versions/A/SharedFileList
0x00007fff35fdc000 	/System/Library/Frameworks/NetFS.framework/Versions/A/NetFS
0x00007fff4f184000 	/System/Library/PrivateFrameworks/NetAuth.framework/Versions/A/NetAuth
0x00007fff58b39000 	/System/Library/PrivateFrameworks/login.framework/Versions/A/Frameworks/loginsupport.framework/Versions/A/loginsupport
0x00007fff56c59000 	/System/Library/PrivateFrameworks/TCC.framework/Versions/A/TCC
0x00007fff440d6000 	/System/Library/PrivateFrameworks/CoreNLP.framework/Versions/A/CoreNLP
0x00007fff4ebf4000 	/System/Library/PrivateFrameworks/MetadataUtilities.framework/Versions/A/MetadataUtilities
0x00007fff5a38e000 	/usr/lib/libmecabra.dylib
0x00007fff2e78c000 	/System/Library/Frameworks/ApplicationServices.framework/Versions/A/Frameworks/ATS.framework/Versions/A/ATS
0x00007fff2eadb000 	/System/Library/Frameworks/ApplicationServices.framework/Versions/A/Frameworks/ColorSyncLegacy.framework/Versions/A/ColorSyncLegacy
0x00007fff2eb7a000 	/System/Library/Frameworks/ApplicationServices.framework/Versions/A/Frameworks/HIServices.framework/Versions/A/HIServices
0x00007fff2ebcd000 	/System/Library/Frameworks/ApplicationServices.framework/Versions/A/Frameworks/LangAnalysis.framework/Versions/A/LangAnalysis
0x00007fff2ebdd000 	/System/Library/Frameworks/ApplicationServices.framework/Versions/A/Frameworks/PrintCore.framework/Versions/A/PrintCore
0x00007fff2ec27000 	/System/Library/Frameworks/ApplicationServices.framework/Versions/A/Frameworks/QD.framework/Versions/A/QD
0x00007fff2ec61000 	/System/Library/Frameworks/ApplicationServices.framework/Versions/A/Frameworks/SpeechSynthesis.framework/Versions/A/SpeechSynthesis
0x00007fff595d5000 	/usr/lib/libcompression.dylib
0x00007fff351e4000 	/System/Library/Frameworks/MetalPerformanceShaders.framework/Versions/A/MetalPerformanceShaders
0x00007fff2c768000 	/System/Library/Frameworks/Accelerate.framework/Versions/A/Frameworks/vImage.framework/Versions/A/vImage
0x00007fff2d7e2000 	/System/Library/Frameworks/Accelerate.framework/Versions/A/Frameworks/vecLib.framework/Versions/A/vecLib
0x00007fff2d72e000 	/System/Library/Frameworks/Accelerate.framework/Versions/A/Frameworks/vecLib.framework/Versions/A/libvMisc.dylib
0x00007fff2d546000 	/System/Library/Frameworks/Accelerate.framework/Versions/A/Frameworks/vecLib.framework/Versions/A/libvDSP.dylib
0x00007fff2ce02000 	/System/Library/Frameworks/Accelerate.framework/Versions/A/Frameworks/vecLib.framework/Versions/A/libBLAS.dylib
0x00007fff2d0ef000 	/System/Library/Frameworks/Accelerate.framework/Versions/A/Frameworks/vecLib.framework/Versions/A/libLAPACK.dylib
0x00007fff2d499000 	/System/Library/Frameworks/Accelerate.framework/Versions/A/Frameworks/vecLib.framework/Versions/A/libLinearAlgebra.dylib
0x00007fff2d532000 	/System/Library/Frameworks/Accelerate.framework/Versions/A/Frameworks/vecLib.framework/Versions/A/libSparseBLAS.dylib
0x00007fff2d4af000 	/System/Library/Frameworks/Accelerate.framework/Versions/A/Frameworks/vecLib.framework/Versions/A/libQuadrature.dylib
0x00007fff2d07c000 	/System/Library/Frameworks/Accelerate.framework/Versions/A/Frameworks/vecLib.framework/Versions/A/libBNNS.dylib
0x00007fff2d4b5000 	/System/Library/Frameworks/Accelerate.framework/Versions/A/Frameworks/vecLib.framework/Versions/A/libSparse.dylib
0x00007fff4b424000 	/System/Library/PrivateFrameworks/GPUWrangler.framework/Versions/A/GPUWrangler
0x00007fff4d723000 	/System/Library/PrivateFrameworks/IOAccelerator.framework/Versions/A/IOAccelerator
0x00007fff4d72e000 	/System/Library/PrivateFrameworks/IOPresentment.framework/Versions/A/IOPresentment
0x00007fff44eae000 	/System/Library/PrivateFrameworks/DSExternalDisplay.framework/Versions/A/DSExternalDisplay
0x00007fff39458000 	/System/Library/Frameworks/OpenGL.framework/Versions/A/Libraries/libCoreFSCache.dylib
0x00007fff34fd8000 	/System/Library/Frameworks/MetalPerformanceShaders.framework/Frameworks/MPSCore.framework/Versions/A/MPSCore
0x00007fff34ff8000 	/System/Library/Frameworks/MetalPerformanceShaders.framework/Frameworks/MPSImage.framework/Versions/A/MPSImage
0x00007fff3509d000 	/System/Library/Frameworks/MetalPerformanceShaders.framework/Frameworks/MPSNeuralNetwork.framework/Versions/A/MPSNeuralNetwork
0x00007fff35075000 	/System/Library/Frameworks/MetalPerformanceShaders.framework/Frameworks/MPSMatrix.framework/Versions/A/MPSMatrix
0x00007fff351c9000 	/System/Library/Frameworks/MetalPerformanceShaders.framework/Frameworks/MPSRayIntersector.framework/Versions/A/MPSRayIntersector
0x00007fff4ec1d000 	/System/Library/PrivateFrameworks/MetalTools.framework/Versions/A/MetalTools
0x00007fff3fd66000 	/System/Library/PrivateFrameworks/AggregateDictionary.framework/Versions/A/AggregateDictionary
0x00007fff591b4000 	/usr/lib/libMobileGestalt.dylib
0x00007fff32100000 	/System/Library/Frameworks/CoreVideo.framework/Versions/A/CoreVideo
0x00007fff4c235000 	/System/Library/PrivateFrameworks/GraphVisualizer.framework/Versions/A/GraphVisualizer
0x00007fff460b4000 	/System/Library/PrivateFrameworks/FaceCore.framework/Versions/A/FaceCore
0x00007fff38a86000 	/System/Library/Frameworks/OpenCL.framework/Versions/A/OpenCL
0x00007fff58f0c000 	/usr/lib/libFosl_dynamic.dylib
0x00007fff4f9ef000 	/System/Library/PrivateFrameworks/OTSVG.framework/Versions/A/OTSVG
0x00007fff2e890000 	/System/Library/Frameworks/ApplicationServices.framework/Versions/A/Frameworks/ATS.framework/Versions/A/Resources/libFontParser.dylib
0x00007fff2e9a8000 	/System/Library/Frameworks/ApplicationServices.framework/Versions/A/Frameworks/ATS.framework/Versions/A/Resources/libFontRegistry.dylib
0x00007fff3300d000 	/System/Library/Frameworks/ImageIO.framework/Versions/A/Resources/libJPEG.dylib
0x00007fff3331f000 	/System/Library/Frameworks/ImageIO.framework/Versions/A/Resources/libTIFF.dylib
0x00007fff332f5000 	/System/Library/Frameworks/ImageIO.framework/Versions/A/Resources/libPng.dylib
0x00007fff32f2b000 	/System/Library/Frameworks/ImageIO.framework/Versions/A/Resources/libGIF.dylib
0x00007fff32f30000 	/System/Library/Frameworks/ImageIO.framework/Versions/A/Resources/libJP2.dylib
0x00007fff3331c000 	/System/Library/Frameworks/ImageIO.framework/Versions/A/Resources/libRadiance.dylib
0x00007fff40613000 	/System/Library/PrivateFrameworks/AppleJPEG.framework/Versions/A/AppleJPEG
0x00007fff39463000 	/System/Library/Frameworks/OpenGL.framework/Versions/A/Libraries/libGFXShared.dylib
0x00007fff39626000 	/System/Library/Frameworks/OpenGL.framework/Versions/A/Libraries/libGLU.dylib
0x00007fff3946c000 	/System/Library/Frameworks/OpenGL.framework/Versions/A/Libraries/libGL.dylib
0x00007fff39478000 	/System/Library/Frameworks/OpenGL.framework/Versions/A/Libraries/libGLImage.dylib
0x00007fff39455000 	/System/Library/Frameworks/OpenGL.framework/Versions/A/Libraries/libCVMSPluginSupport.dylib
0x00007fff3945e000 	/System/Library/Frameworks/OpenGL.framework/Versions/A/Libraries/libCoreVMClient.dylib
0x00007fff59d26000 	/usr/lib/libcups.2.dylib
0x00007fff344df000 	/System/Library/Frameworks/Kerberos.framework/Versions/A/Kerberos
0x00007fff32a0e000 	/System/Library/Frameworks/GSS.framework/Versions/A/GSS
0x00007fff5b439000 	/usr/lib/libresolv.9.dylib
0x00007fff59f18000 	/usr/lib/libiconv.2.dylib
0x00007fff4c3aa000 	/System/Library/PrivateFrameworks/Heimdal.framework/Versions/A/Heimdal
0x00007fff59ee8000 	/usr/lib/libheimdal-asn1.dylib
0x00007fff38afa000 	/System/Library/Frameworks/OpenDirectory.framework/Versions/A/OpenDirectory
0x00007fff42e39000 	/System/Library/PrivateFrameworks/CommonAuth.framework/Versions/A/CommonAuth
0x00007fff38ade000 	/System/Library/Frameworks/OpenDirectory.framework/Versions/A/Frameworks/CFOpenDirectory.framework/Versions/A/CFOpenDirectory
0x00007fff3bba8000 	/System/Library/Frameworks/SecurityFoundation.framework/Versions/A/SecurityFoundation
0x00007fff3f2ac000 	/System/Library/PrivateFrameworks/APFS.framework/Versions/A/APFS
0x00007fff5b89a000 	/usr/lib/libutil.dylib
0x00007fff595c3000 	/usr/lib/libcharset.1.dylib
0x00007fff408b0000 	/System/Library/PrivateFrameworks/AppleSauce.framework/Versions/A/AppleSauce
0x00007fff40a31000 	/System/Library/PrivateFrameworks/AssertionServices.framework/Versions/A/AssertionServices
0x00007fff41161000 	/System/Library/PrivateFrameworks/BaseBoard.framework/Versions/A/BaseBoard
0x00007fff5a2e9000 	/usr/lib/libmecab.1.0.0.dylib
0x00007fff59ee2000 	/usr/lib/libgermantok.dylib
0x00007fff59391000 	/usr/lib/libThaiTokenizer.dylib
0x00007fff58e3c000 	/usr/lib/libChineseTokenizer.dylib
0x00007fff4dddb000 	/System/Library/PrivateFrameworks/LanguageModeling.framework/Versions/A/LanguageModeling
0x00007fff43b1b000 	/System/Library/PrivateFrameworks/CoreEmoji.framework/Versions/A/CoreEmoji
0x00007fff4deb7000 	/System/Library/PrivateFrameworks/Lexicon.framework/Versions/A/Lexicon
0x00007fff4defa000 	/System/Library/PrivateFrameworks/LinguisticData.framework/Versions/A/LinguisticData
0x00007fff595c4000 	/usr/lib/libcmph.dylib
0x00007fff3bc66000 	/System/Library/Frameworks/ServiceManagement.framework/Versions/A/ServiceManagement
0x00007fff410c2000 	/System/Library/PrivateFrameworks/BackgroundTaskManagement.framework/Versions/A/BackgroundTaskManagement
0x00007fff5b994000 	/usr/lib/libxslt.1.dylib
0x00007fff2f8fe000 	/System/Library/Frameworks/Carbon.framework/Versions/A/Frameworks/Ink.framework/Versions/A/Ink
0x00007fff56ecb000 	/System/Library/PrivateFrameworks/TextureIO.framework/Versions/A/TextureIO
0x00007fff593e5000 	/usr/lib/libate.dylib
0x00007fff44dfd000 	/System/Library/PrivateFrameworks/CrashReporterSupport.framework/Versions/A/CrashReporterSupport
0x00007fff54605000 	/System/Library/PrivateFrameworks/Sharing.framework/Versions/A/Sharing
0x00007fff40e14000 	/System/Library/PrivateFrameworks/AuthKit.framework/Versions/A/AuthKit
0x00007fff40368000 	/System/Library/PrivateFrameworks/Apple80211.framework/Versions/A/Apple80211
0x00007fff44ba5000 	/System/Library/PrivateFrameworks/CoreUtils.framework/Versions/A/CoreUtils
0x00007fff32141000 	/System/Library/Frameworks/CoreWLAN.framework/Versions/A/CoreWLAN
0x00007fff32b3d000 	/System/Library/Frameworks/IOBluetooth.framework/Versions/A/IOBluetooth
0x00007fff52a79000 	/System/Library/PrivateFrameworks/ProtocolBuffer.framework/Versions/A/ProtocolBuffer
0x00007fff4ee7a000 	/System/Library/PrivateFrameworks/MobileKeyBag.framework/Versions/A/MobileKeyBag
0x00007fff443e9000 	/System/Library/PrivateFrameworks/CorePhoneNumbers.framework/Versions/A/CorePhoneNumbers
0x00007fff405c7000 	/System/Library/PrivateFrameworks/AppleIDAuthSupport.framework/Versions/A/AppleIDAuthSupport
0x00007fff4ddae000 	/System/Library/PrivateFrameworks/KeychainCircle.framework/Versions/A/KeychainCircle
0x00007fff52c2f000 	/System/Library/PrivateFrameworks/ROCKit.framework/Versions/A/ROCKit
0x00007fff44d99000 	/System/Library/PrivateFrameworks/CoreWiFi.framework/Versions/A/CoreWiFi
0x00007fff2fecc000 	/System/Library/Frameworks/CoreBluetooth.framework/Versions/A/CoreBluetooth
0x00007fff44ff4000 	/System/Library/PrivateFrameworks/DebugSymbols.framework/Versions/A/DebugSymbols
0x00007fff44965000 	/System/Library/PrivateFrameworks/CoreSymbolication.framework/Versions/A/CoreSymbolication
0x00007fff566e6000 	/System/Library/PrivateFrameworks/Symbolication.framework/Versions/A/Symbolication
0x00007fff55f89000 	/System/Library/PrivateFrameworks/SpeechRecognitionCore.framework/Versions/A/SpeechRecognitionCore
0x000000010f200000 	/Library/Java/JavaVirtualMachines/openjdk-12.jdk/Contents/Home/lib/server/libjvm.dylib
0x000000010d911000 	/Library/Java/JavaVirtualMachines/openjdk-12.jdk/Contents/Home/lib/libverify.dylib
0x000000010d91d000 	/Library/Java/JavaVirtualMachines/openjdk-12.jdk/Contents/Home/lib/libjava.dylib
0x000000010d95a000 	/Library/Java/JavaVirtualMachines/openjdk-12.jdk/Contents/Home/lib/libjdwp.dylib
0x000000010d990000 	/Library/Java/JavaVirtualMachines/openjdk-12.jdk/Contents/Home/lib/libinstrument.dylib
0x000000010d9d3000 	/Library/Java/JavaVirtualMachines/openjdk-12.jdk/Contents/Home/lib/libzip.dylib
0x000000010d9db000 	/Library/Java/JavaVirtualMachines/openjdk-12.jdk/Contents/Home/lib/libjimage.dylib
0x000000011380f000 	/Library/Java/JavaVirtualMachines/openjdk-12.jdk/Contents/Home/lib/libdt_socket.dylib
0x0000000113923000 	/Library/Java/JavaVirtualMachines/openjdk-12.jdk/Contents/Home/lib/libnio.dylib
0x0000000113931000 	/Library/Java/JavaVirtualMachines/openjdk-12.jdk/Contents/Home/lib/./libnet.dylib
0x00000001137f8000 	/Library/Java/JavaVirtualMachines/openjdk-12.jdk/Contents/Home/lib/libprefs.dylib
0x00000001138fe000 	/Library/Java/JavaVirtualMachines/openjdk-12.jdk/Contents/Home/lib/libsunec.dylib
0x00000001137e5000 	/Library/Java/JavaVirtualMachines/openjdk-12.jdk/Contents/Home/lib/libextnet.dylib


VM Arguments:
jvm_args: -agentlib:jdwp=transport=dt_socket,suspend=y,address=localhost:53931 -javaagent:/Users/ahamedabdulrahman/eclipse/jee-2018-12/Eclipse.app/Contents/Eclipse/configuration/org.eclipse.osgi/398/0/.cp/lib/javaagent-shaded.jar -Dfile.encoding=UTF-8 
java_command: com.selenium4.DevToolsSample
java_class_path (initial): /Users/ahamedabdulrahman/eclipse-workspace/Scribblings/target/classes:/Users/ahamedabdulrahman/.p2/pool/plugins/org.junit_4.12.0.v201504281640/junit.jar:/Users/ahamedabdulrahman/.p2/pool/plugins/org.hamcrest.core_1.3.0.v20180420-1519.jar:/Users/ahamedabdulrahman/.p2/pool/plugins/org.testng_6.14.3.r201802240500.jar:/Users/ahamedabdulrahman/.p2/pool/plugins/com.beust.jcommander_1.72.0.jar:/Users/ahamedabdulrahman/.p2/pool/plugins/org.apache-extras.beanshell.bsh_2.0.0.b6.jar:/Users/ahamedabdulrahman/.p2/pool/plugins/org.yaml.snakeyaml_1.17.0.jar:/Users/ahamedabdulrahman/.m2/repository/com/github/javafaker/javafaker/0.16/javafaker-0.16.jar:/Users/ahamedabdulrahman/.m2/repository/org/apache/commons/commons-lang3/3.5/commons-lang3-3.5.jar:/Users/ahamedabdulrahman/.m2/repository/org/yaml/snakeyaml/1.20/snakeyaml-1.20-android.jar:/Users/ahamedabdulrahman/.m2/repository/com/github/mifmif/generex/1.0.2/generex-1.0.2.jar:/Users/ahamedabdulrahman/.m2/repository/dk/brics/automaton/automaton/1.11-8/automaton-1.11-8.jar:/Users/ahamedabdulrahman/.m2/repository/org/seleniumhq/selenium/selenium-java/4.0.0-alpha-3/selenium-java-4.0.0-alpha-3.jar:/Users/ahamedabdulrahman/.m2/repository/org/seleniumhq/selenium/selenium-api/4.0.0-alpha-3/selenium-api-4.0.0-alpha-3.jar:/Users/ahamedabdulrahman/.m2/repository/org/seleniumhq/selenium/selenium-chrome-driver/4.0.0-alpha-3/selenium-chrome-driver-4.0.0-alpha-3.jar:/Users/ahamedabdulrahman/.m2/repository/com/google/guava/guava/27.1-jre/guava-27.1-jre.jar:/Users/ahamedabdulrahman/.m2/repository/com/google/guava/failureaccess/1.0.1/failureaccess-1.0.1.jar:/Users/ahamedabdulrahman/.m2/repository/com/google/guava/listenablefuture/9999.0-empty-to-avoid-conflict-with-guava/listenablefuture-9999.0-empty-to-avoid-conflict-with-guava.jar:/Users/ahamedabdulrahman/.m2/repository/com/google/code/findbugs/jsr305/3.0.2/jsr305-3.0.2.jar:/Users/ahamedabdulrahman/.m2/repository/org/checkerframework/checker-qual/2.5.2/checker-qual-2.5
Launcher Type: SUN_STANDARD

[Global flags]
     intx CICompilerCount                          = 4                                         {product} {ergonomic}
     uint ConcGCThreads                            = 3                                         {product} {ergonomic}
     uint G1ConcRefinementThreads                  = 10                                        {product} {ergonomic}
   size_t G1HeapRegionSize                         = 1048576                                   {product} {ergonomic}
    uintx GCDrainStackTargetSize                   = 64                                        {product} {ergonomic}
   size_t InitialHeapSize                          = 268435456                                 {product} {ergonomic}
   size_t MarkStackSize                            = 4194304                                   {product} {ergonomic}
   size_t MaxHeapSize                              = 4294967296                                {product} {ergonomic}
   size_t MaxNewSize                               = 2576351232                                {product} {ergonomic}
   size_t MinHeapDeltaBytes                        = 1048576                                   {product} {ergonomic}
    uintx NonNMethodCodeHeapSize                   = 5836300                                {pd product} {ergonomic}
    uintx NonProfiledCodeHeapSize                  = 122910970                              {pd product} {ergonomic}
    uintx ProfiledCodeHeapSize                     = 122910970                              {pd product} {ergonomic}
    uintx ReservedCodeCacheSize                    = 251658240                              {pd product} {ergonomic}
     bool SegmentedCodeCache                       = true                                      {product} {ergonomic}
     bool UseCompressedClassPointers               = true                                 {lp64_product} {ergonomic}
     bool UseCompressedOops                        = true                                 {lp64_product} {ergonomic}
     bool UseG1GC                                  = true                                      {product} {ergonomic}

Logging:
Log output configuration:
 #0: stdout all=warning uptime,level,tags
 #1: stderr all=off uptime,level,tags

Environment Variables:
PATH=/usr/bin:/bin:/usr/sbin:/sbin
SHELL=/bin/bash

Signal Handlers:
SIGSEGV: [libjvm.dylib+0x735582], sa_mask[0]=11111111011111110111111111111111, sa_flags=SA_ONSTACK|SA_RESTART|SA_SIGINFO
SIGBUS: [libjvm.dylib+0x735582], sa_mask[0]=11111111011111110111111111111111, sa_flags=SA_RESTART|SA_SIGINFO
SIGFPE: [libjvm.dylib+0x735582], sa_mask[0]=11111111011111110111111111111111, sa_flags=SA_RESTART|SA_SIGINFO
SIGPIPE: [libjvm.dylib+0x5dcff6], sa_mask[0]=11111111011111110111111111111111, sa_flags=SA_RESTART|SA_SIGINFO
SIGXFSZ: [libjvm.dylib+0x5dcff6], sa_mask[0]=11111111011111110111111111111111, sa_flags=SA_RESTART|SA_SIGINFO
SIGILL: [libjvm.dylib+0x735582], sa_mask[0]=11111111011111110111111111111111, sa_flags=SA_RESTART|SA_SIGINFO
SIGUSR2: [libjvm.dylib+0x5dd5db], sa_mask[0]=00100000000000000000000000000000, sa_flags=SA_RESTART|SA_SIGINFO
SIGHUP: [libjvm.dylib+0x5dc29b], sa_mask[0]=11111111011111110111111111111111, sa_flags=SA_RESTART|SA_SIGINFO
SIGINT: [libjvm.dylib+0x5dc29b], sa_mask[0]=11111111011111110111111111111111, sa_flags=SA_RESTART|SA_SIGINFO
SIGTERM: [libjvm.dylib+0x5dc29b], sa_mask[0]=11111111011111110111111111111111, sa_flags=SA_RESTART|SA_SIGINFO
SIGQUIT: [libjvm.dylib+0x5dc29b], sa_mask[0]=11111111011111110111111111111111, sa_flags=SA_RESTART|SA_SIGINFO


---------------  S Y S T E M  ---------------

OS:uname:Darwin 18.7.0 Darwin Kernel Version 18.7.0: Sun Dec  1 18:59:03 PST 2019; root:xnu-4903.278.19~1/RELEASE_X86_64 x86_64
rlimit: STACK 8192k, CORE 0k, NPROC 1418, NOFILE 10240, AS infinity, DATA infinity, FSIZE infinity
load average:1.75 1.42 1.52

CPU:total 12 (initial active 12) (6 cores per cpu, 2 threads per core) family 6 model 158 stepping 10, cmov, cx8, fxsr, mmx, sse, sse2, sse3, ssse3, sse4.1, sse4.2, popcnt, avx, avx2, aes, clmul, erms, 3dnowpref, lzcnt, ht, tsc, tscinvbit, bmi1, bmi2, adx, fma

Memory: 4k page, physical 16777216k(51052k free)

vm_info: OpenJDK 64-Bit Server VM (12+33) for bsd-amd64 JRE (12+33), built on Feb 21 2019 02:26:26 by "mach5one" with gcc 4.2.1 Compatible Apple LLVM 9.1.0 (clang-902.0.39.2)

END.
